<?xml version="1.0" encoding="UTF-8"?>
<coverage generated="1494411046010" clover="3.2.0">
  <project timestamp="1494411046010" name="All files">
    <metrics statements="273" coveredstatements="173" conditionals="172" coveredconditionals="83" methods="49" coveredmethods="34" elements="494" coveredelements="290" complexity="0" loc="273" ncloc="273" packages="4" files="15" classes="15">
      <package name="src">
        <metrics statements="1" coveredstatements="0" conditionals="0" coveredconditionals="0" methods="0" coveredmethods="0"/>
        <file name="index.ts" path="E:\Self\ts-decorators\src\index.ts">
          <metrics statements="1" coveredstatements="0" conditionals="0" coveredconditionals="0" methods="0" coveredmethods="0"/>
          <line num="1" count="0" type="stmt"/>
        </file>
      </package>
      <package name="src.decorators">
        <metrics statements="192" coveredstatements="115" conditionals="143" coveredconditionals="67" methods="38" coveredmethods="27"/>
        <file name="after.ts" path="E:\Self\ts-decorators\src\decorators\after.ts">
          <metrics statements="33" coveredstatements="0" conditionals="19" coveredconditionals="0" methods="3" coveredmethods="0"/>
          <line num="1" count="0" type="stmt"/>
          <line num="2" count="0" type="stmt"/>
          <line num="3" count="0" type="stmt"/>
          <line num="4" count="0" type="stmt"/>
          <line num="5" count="0" type="stmt"/>
          <line num="6" count="0" type="stmt"/>
          <line num="7" count="0" type="stmt"/>
          <line num="8" count="0" type="stmt"/>
          <line num="9" count="0" type="stmt"/>
          <line num="10" count="0" type="stmt"/>
          <line num="13" count="0" type="cond" truecount="0" falsecount="2"/>
          <line num="14" count="0" type="stmt"/>
          <line num="15" count="0" type="stmt"/>
          <line num="16" count="0" type="stmt"/>
          <line num="17" count="0" type="stmt"/>
          <line num="18" count="0" type="cond" truecount="0" falsecount="2"/>
          <line num="19" count="0" type="stmt"/>
          <line num="20" count="0" type="cond" truecount="0" falsecount="2"/>
          <line num="21" count="0" type="stmt"/>
          <line num="23" count="0" type="cond" truecount="0" falsecount="2"/>
          <line num="24" count="0" type="cond" truecount="0" falsecount="2"/>
          <line num="25" count="0" type="stmt"/>
          <line num="28" count="0" type="stmt"/>
          <line num="31" count="0" type="stmt"/>
          <line num="33" count="0" type="stmt"/>
          <line num="34" count="0" type="cond" truecount="0" falsecount="2"/>
          <line num="35" count="0" type="cond" truecount="0" falsecount="2"/>
          <line num="36" count="0" type="cond" truecount="0" falsecount="5"/>
          <line num="37" count="0" type="stmt"/>
          <line num="39" count="0" type="stmt"/>
          <line num="42" count="0" type="stmt"/>
          <line num="46" count="0" type="stmt"/>
          <line num="47" count="0" type="stmt"/>
        </file>
        <file name="afterAsync.ts" path="E:\Self\ts-decorators\src\decorators\afterAsync.ts">
          <metrics statements="26" coveredstatements="0" conditionals="10" coveredconditionals="0" methods="4" coveredmethods="0"/>
          <line num="1" count="0" type="stmt"/>
          <line num="2" count="0" type="stmt"/>
          <line num="3" count="0" type="stmt"/>
          <line num="4" count="0" type="stmt"/>
          <line num="5" count="0" type="stmt"/>
          <line num="6" count="0" type="stmt"/>
          <line num="7" count="0" type="stmt"/>
          <line num="10" count="0" type="cond" truecount="0" falsecount="2"/>
          <line num="11" count="0" type="stmt"/>
          <line num="12" count="0" type="stmt"/>
          <line num="13" count="0" type="stmt"/>
          <line num="14" count="0" type="stmt"/>
          <line num="15" count="0" type="cond" truecount="0" falsecount="2"/>
          <line num="16" count="0" type="stmt"/>
          <line num="17" count="0" type="stmt"/>
          <line num="21" count="0" type="stmt"/>
          <line num="22" count="0" type="cond" truecount="0" falsecount="2"/>
          <line num="23" count="0" type="stmt"/>
          <line num="25" count="0" type="cond" truecount="0" falsecount="2"/>
          <line num="26" count="0" type="cond" truecount="0" falsecount="2"/>
          <line num="27" count="0" type="stmt"/>
          <line num="30" count="0" type="stmt"/>
          <line num="33" count="0" type="stmt"/>
          <line num="35" count="0" type="stmt"/>
          <line num="39" count="0" type="stmt"/>
          <line num="40" count="0" type="stmt"/>
        </file>
        <file name="before.ts" path="E:\Self\ts-decorators\src\decorators\before.ts">
          <metrics statements="22" coveredstatements="22" conditionals="11" coveredconditionals="9" methods="3" coveredmethods="3"/>
          <line num="1" count="2" type="stmt"/>
          <line num="2" count="2" type="stmt"/>
          <line num="3" count="2" type="stmt"/>
          <line num="4" count="2" type="stmt"/>
          <line num="5" count="2" type="stmt"/>
          <line num="6" count="2" type="stmt"/>
          <line num="7" count="2" type="stmt"/>
          <line num="8" count="2" type="stmt"/>
          <line num="18" count="8" type="stmt"/>
          <line num="19" count="8" type="stmt"/>
          <line num="20" count="8" type="stmt"/>
          <line num="21" count="8" type="stmt"/>
          <line num="22" count="8" type="cond" truecount="2" falsecount="0"/>
          <line num="23" count="3" type="cond" truecount="2" falsecount="0"/>
          <line num="25" count="2" type="cond" truecount="4" falsecount="1"/>
          <line num="26" count="2" type="stmt"/>
          <line num="28" count="2" type="stmt"/>
          <line num="30" count="1" type="cond" truecount="1" falsecount="1"/>
          <line num="31" count="1" type="stmt"/>
          <line num="34" count="5" type="stmt"/>
          <line num="38" count="2" type="stmt"/>
          <line num="39" count="2" type="stmt"/>
        </file>
        <file name="beforeAsync.ts" path="E:\Self\ts-decorators\src\decorators\beforeAsync.ts">
          <metrics statements="52" coveredstatements="41" conditionals="72" coveredconditionals="35" methods="17" coveredmethods="15"/>
          <line num="1" count="1" type="stmt"/>
          <line num="2" count="1" type="cond" truecount="3" falsecount="0"/>
          <line num="3" count="1" type="cond" truecount="2" falsecount="0"/>
          <line num="4" count="1" type="stmt"/>
          <line num="5" count="0" type="stmt"/>
          <line num="6" count="2" type="cond" truecount="2" falsecount="0"/>
          <line num="7" count="1" type="cond" truecount="2" falsecount="0"/>
          <line num="10" count="1" type="cond" truecount="3" falsecount="0"/>
          <line num="11" count="1" type="cond" truecount="1" falsecount="1"/>
          <line num="12" count="1" type="cond" truecount="2" falsecount="0"/>
          <line num="13" count="3" type="stmt"/>
          <line num="15" count="2" type="cond" truecount="1" falsecount="1"/>
          <line num="16" count="4" type="stmt"/>
          <line num="17" count="4" type="cond" truecount="2" falsecount="7"/>
          <line num="18" count="4" type="cond" truecount="1" falsecount="1"/>
          <line num="19" count="4" type="cond" truecount="4" falsecount="2"/>
          <line num="20" count="2" type="stmt"/>
          <line num="21" count="1" type="stmt"/>
          <line num="22" count="0" type="stmt"/>
          <line num="23" count="0" type="stmt"/>
          <line num="25" count="1" type="cond" truecount="5" falsecount="2"/>
          <line num="26" count="0" type="cond" truecount="0" falsecount="6"/>
          <line num="27" count="0" type="cond" truecount="0" falsecount="4"/>
          <line num="28" count="0" type="cond" truecount="0" falsecount="4"/>
          <line num="29" count="0" type="cond" truecount="0" falsecount="2"/>
          <line num="30" count="0" type="stmt"/>
          <line num="32" count="2" type="stmt"/>
          <line num="33" count="4" type="stmt"/>
          <line num="34" count="1" type="cond" truecount="2" falsecount="2"/>
          <line num="37" count="1" type="stmt"/>
          <line num="38" count="1" type="stmt"/>
          <line num="39" count="1" type="stmt"/>
          <line num="40" count="1" type="stmt"/>
          <line num="41" count="1" type="stmt"/>
          <line num="44" count="1" type="stmt"/>
          <line num="45" count="1" type="stmt"/>
          <line num="46" count="1" type="stmt"/>
          <line num="47" count="1" type="stmt"/>
          <line num="49" count="1" type="stmt"/>
          <line num="50" count="2" type="cond" truecount="2" falsecount="0"/>
          <line num="51" count="1" type="stmt"/>
          <line num="53" count="1" type="stmt"/>
          <line num="54" count="1" type="cond" truecount="1" falsecount="1"/>
          <line num="55" count="1" type="cond" truecount="1" falsecount="1"/>
          <line num="56" count="1" type="cond" truecount="1" falsecount="1"/>
          <line num="57" count="1" type="stmt"/>
          <line num="59" count="1" type="stmt"/>
          <line num="61" count="0" type="cond" truecount="0" falsecount="2"/>
          <line num="62" count="0" type="stmt"/>
          <line num="65" count="0" type="stmt"/>
          <line num="72" count="1" type="stmt"/>
          <line num="73" count="1" type="stmt"/>
        </file>
        <file name="bindComponentThis.ts" path="E:\Self\ts-decorators\src\decorators\bindComponentThis.ts">
          <metrics statements="6" coveredstatements="0" conditionals="4" coveredconditionals="0" methods="1" coveredmethods="0"/>
          <line num="1" count="0" type="stmt"/>
          <line num="2" count="0" type="stmt"/>
          <line num="3" count="0" type="stmt"/>
          <line num="4" count="0" type="stmt"/>
          <line num="23" count="0" type="stmt"/>
          <line num="27" count="0" type="stmt"/>
        </file>
        <file name="bindThis.ts" path="E:\Self\ts-decorators\src\decorators\bindThis.ts">
          <metrics statements="33" coveredstatements="32" conditionals="18" coveredconditionals="15" methods="7" coveredmethods="6"/>
          <line num="1" count="1" type="stmt"/>
          <line num="2" count="1" type="stmt"/>
          <line num="3" count="1" type="stmt"/>
          <line num="4" count="1" type="stmt"/>
          <line num="5" count="1" type="stmt"/>
          <line num="7" count="5" type="cond" truecount="2" falsecount="0"/>
          <line num="9" count="5" type="stmt"/>
          <line num="10" count="5" type="stmt"/>
          <line num="11" count="5" type="stmt"/>
          <line num="12" count="5" type="stmt"/>
          <line num="13" count="13" type="stmt"/>
          <line num="14" count="13" type="stmt"/>
          <line num="15" count="78" type="stmt"/>
          <line num="17" count="78" type="cond" truecount="2" falsecount="0"/>
          <line num="18" count="74" type="cond" truecount="4" falsecount="0"/>
          <line num="19" count="29" type="stmt"/>
          <line num="21" count="45" type="cond" truecount="4" falsecount="0"/>
          <line num="22" count="1" type="stmt"/>
          <line num="24" count="44" type="stmt"/>
          <line num="27" count="13" type="cond" truecount="1" falsecount="1"/>
          <line num="29" count="5" type="stmt"/>
          <line num="30" count="4" type="stmt"/>
          <line num="32" count="30" type="stmt"/>
          <line num="33" count="30" type="cond" truecount="1" falsecount="1"/>
          <line num="34" count="0" type="stmt"/>
          <line num="37" count="4" type="stmt"/>
          <line num="38" count="30" type="stmt"/>
          <line num="39" count="30" type="stmt"/>
          <line num="44" count="1" type="stmt"/>
          <line num="45" count="1" type="stmt"/>
          <line num="47" count="13" type="stmt"/>
          <line num="48" count="13" type="cond" truecount="1" falsecount="1"/>
          <line num="49" count="83" type="stmt"/>
        </file>
        <file name="whenError.ts" path="E:\Self\ts-decorators\src\decorators\whenError.ts">
          <metrics statements="20" coveredstatements="20" conditionals="9" coveredconditionals="8" methods="3" coveredmethods="3"/>
          <line num="1" count="1" type="stmt"/>
          <line num="2" count="1" type="stmt"/>
          <line num="3" count="1" type="stmt"/>
          <line num="4" count="1" type="stmt"/>
          <line num="5" count="1" type="stmt"/>
          <line num="6" count="1" type="stmt"/>
          <line num="7" count="1" type="stmt"/>
          <line num="8" count="1" type="stmt"/>
          <line num="11" count="3" type="stmt"/>
          <line num="12" count="3" type="stmt"/>
          <line num="13" count="3" type="stmt"/>
          <line num="14" count="3" type="stmt"/>
          <line num="15" count="3" type="stmt"/>
          <line num="18" count="2" type="stmt"/>
          <line num="19" count="2" type="cond" truecount="4" falsecount="0"/>
          <line num="20" count="1" type="cond" truecount="4" falsecount="1"/>
          <line num="21" count="1" type="stmt"/>
          <line num="23" count="1" type="stmt"/>
          <line num="29" count="1" type="stmt"/>
          <line num="30" count="1" type="stmt"/>
        </file>
      </package>
      <package name="src.decorators.utils">
        <metrics statements="7" coveredstatements="6" conditionals="0" coveredconditionals="0" methods="2" coveredmethods="1"/>
        <file name="aopResult.ts" path="E:\Self\ts-decorators\src\decorators\utils\aopResult.ts">
          <metrics statements="7" coveredstatements="6" conditionals="0" coveredconditionals="0" methods="2" coveredmethods="1"/>
          <line num="1" count="4" type="stmt"/>
          <line num="2" count="4" type="stmt"/>
          <line num="3" count="4" type="stmt"/>
          <line num="5" count="5" type="stmt"/>
          <line num="7" count="4" type="stmt"/>
          <line num="9" count="0" type="stmt"/>
          <line num="11" count="4" type="stmt"/>
        </file>
      </package>
      <package name="src.utils">
        <metrics statements="73" coveredstatements="52" conditionals="29" coveredconditionals="16" methods="9" coveredmethods="6"/>
        <file name="aopGenerator.ts" path="E:\Self\ts-decorators\src\utils\aopGenerator.ts">
          <metrics statements="22" coveredstatements="18" conditionals="6" coveredconditionals="3" methods="2" coveredmethods="2"/>
          <line num="1" count="5" type="stmt"/>
          <line num="2" count="5" type="stmt"/>
          <line num="3" count="5" type="stmt"/>
          <line num="4" count="5" type="stmt"/>
          <line num="5" count="5" type="stmt"/>
          <line num="6" count="5" type="stmt"/>
          <line num="9" count="14" type="stmt"/>
          <line num="10" count="14" type="cond" truecount="1" falsecount="1"/>
          <line num="11" count="0" type="stmt"/>
          <line num="14" count="14" type="cond" truecount="1" falsecount="1"/>
          <line num="15" count="14" type="stmt"/>
          <line num="16" count="13" type="stmt"/>
          <line num="17" count="13" type="stmt"/>
          <line num="18" count="0" type="stmt"/>
          <line num="20" count="13" type="stmt"/>
          <line num="22" count="14" type="stmt"/>
          <line num="23" count="14" type="cond" truecount="1" falsecount="1"/>
          <line num="24" count="14" type="stmt"/>
          <line num="26" count="0" type="stmt"/>
          <line num="27" count="0" type="stmt"/>
          <line num="29" count="5" type="stmt"/>
          <line num="30" count="5" type="stmt"/>
        </file>
        <file name="createFunctionWithName.ts" path="E:\Self\ts-decorators\src\utils\createFunctionWithName.ts">
          <metrics statements="5" coveredstatements="5" conditionals="0" coveredconditionals="0" methods="1" coveredmethods="1"/>
          <line num="1" count="6" type="stmt"/>
          <line num="2" count="6" type="stmt"/>
          <line num="19" count="15" type="stmt"/>
          <line num="21" count="6" type="stmt"/>
          <line num="22" count="6" type="stmt"/>
        </file>
        <file name="decorateTarget.ts" path="E:\Self\ts-decorators\src\utils\decorateTarget.ts">
          <metrics statements="14" coveredstatements="14" conditionals="8" coveredconditionals="8" methods="2" coveredmethods="2"/>
          <line num="1" count="6" type="stmt"/>
          <line num="2" count="6" type="stmt"/>
          <line num="3" count="6" type="stmt"/>
          <line num="5" count="6" type="stmt"/>
          <line num="6" count="6" type="stmt"/>
          <line num="7" count="6" type="stmt"/>
          <line num="8" count="6" type="stmt"/>
          <line num="12" count="30" type="cond" truecount="4" falsecount="0"/>
          <line num="13" count="2" type="stmt"/>
          <line num="15" count="28" type="cond" truecount="2" falsecount="0"/>
          <line num="16" count="27" type="stmt"/>
          <line num="18" count="1" type="stmt"/>
          <line num="20" count="6" type="stmt"/>
          <line num="21" count="6" type="stmt"/>
        </file>
        <file name="isPromise.ts" path="E:\Self\ts-decorators\src\utils\isPromise.ts">
          <metrics statements="11" coveredstatements="0" conditionals="6" coveredconditionals="0" methods="1" coveredmethods="0"/>
          <line num="1" count="0" type="stmt"/>
          <line num="2" count="0" type="stmt"/>
          <line num="3" count="0" type="stmt"/>
          <line num="4" count="0" type="stmt"/>
          <line num="6" count="0" type="cond" truecount="0" falsecount="2"/>
          <line num="7" count="0" type="cond" truecount="0" falsecount="2"/>
          <line num="8" count="0" type="stmt"/>
          <line num="10" count="0" type="cond" truecount="0" falsecount="2"/>
          <line num="12" count="0" type="stmt"/>
          <line num="14" count="0" type="stmt"/>
          <line num="15" count="0" type="stmt"/>
        </file>
        <file name="setPrototypeOf.ts" path="E:\Self\ts-decorators\src\utils\setPrototypeOf.ts">
          <metrics statements="10" coveredstatements="5" conditionals="4" coveredconditionals="1" methods="2" coveredmethods="0"/>
          <line num="1" count="6" type="stmt"/>
          <line num="2" count="6" type="stmt"/>
          <line num="3" count="6" type="stmt"/>
          <line num="4" count="6" type="cond" truecount="1" falsecount="3"/>
          <line num="6" count="0" type="stmt"/>
          <line num="9" count="0" type="stmt"/>
          <line num="10" count="0" type="stmt"/>
          <line num="11" count="0" type="stmt"/>
          <line num="12" count="0" type="stmt"/>
          <line num="15" count="6" type="stmt"/>
        </file>
        <file name="staticExtend.ts" path="E:\Self\ts-decorators\src\utils\staticExtend.ts">
          <metrics statements="11" coveredstatements="10" conditionals="5" coveredconditionals="4" methods="1" coveredmethods="1"/>
          <line num="1" count="6" type="stmt"/>
          <line num="8" count="6" type="stmt"/>
          <line num="9" count="6" type="stmt"/>
          <line num="10" count="6" type="stmt"/>
          <line num="11" count="6" type="stmt"/>
          <line num="25" count="17" type="cond" truecount="4" falsecount="1"/>
          <line num="26" count="0" type="stmt"/>
          <line num="28" count="17" type="stmt"/>
          <line num="29" count="17" type="stmt"/>
          <line num="31" count="6" type="stmt"/>
          <line num="32" count="6" type="stmt"/>
        </file>
      </package>
    </metrics>
  </project>
</coverage>
