{"E:\\Self\\ts-decorators\\src\\index.ts": {"path":"E:\\Self\\ts-decorators\\src\\index.ts","statementMap":{"0":{"start":{"line":1,"column":13},"end":{"line":1,"column":42}},"1":{"start":{"line":1,"column":42},"end":{"line":1,"column":55}}},"fnMap":{},"branchMap":{},"s":{"0":0,"1":0},"f":{},"b":{}}
,"E:\\Self\\ts-decorators\\src\\decorators\\after.ts": {"path":"E:\\Self\\ts-decorators\\src\\decorators\\after.ts","statementMap":{"0":{"start":{"line":1,"column":13},"end":{"line":1,"column":42}},"1":{"start":{"line":1,"column":42},"end":{"line":1,"column":55}},"2":{"start":{"line":2,"column":0},"end":{"line":2,"column":62}},"3":{"start":{"line":3,"column":18},"end":{"line":3,"column":46}},"4":{"start":{"line":4,"column":23},"end":{"line":4,"column":57}},"5":{"start":{"line":5,"column":21},"end":{"line":5,"column":53}},"6":{"start":{"line":6,"column":23},"end":{"line":6,"column":57}},"7":{"start":{"line":7,"column":23},"end":{"line":7,"column":57}},"8":{"start":{"line":8,"column":18},"end":{"line":8,"column":47}},"9":{"start":{"line":9,"column":15},"end":{"line":9,"column":41}},"10":{"start":{"line":10,"column":17},"end":{"line":10,"column":45}},"11":{"start":{"line":13,"column":13},"end":{"line":13,"column":20}},"12":{"start":{"line":13,"column":29},"end":{"line":13,"column":54}},"13":{"start":{"line":14,"column":4},"end":{"line":44,"column":6}},"14":{"start":{"line":15,"column":25},"end":{"line":15,"column":69}},"15":{"start":{"line":16,"column":8},"end":{"line":43,"column":11}},"16":{"start":{"line":17,"column":25},"end":{"line":17,"column":57}},"17":{"start":{"line":18,"column":12},"end":{"line":32,"column":13}},"18":{"start":{"line":19,"column":39},"end":{"line":19,"column":70}},"19":{"start":{"line":20,"column":16},"end":{"line":30,"column":17}},"20":{"start":{"line":21,"column":20},"end":{"line":21,"column":77}},"21":{"start":{"line":23,"column":21},"end":{"line":30,"column":17}},"22":{"start":{"line":24,"column":20},"end":{"line":29,"column":21}},"23":{"start":{"line":25,"column":24},"end":{"line":25,"column":116}},"24":{"start":{"line":28,"column":24},"end":{"line":28,"column":121}},"25":{"start":{"line":31,"column":16},"end":{"line":31,"column":572}},"26":{"start":{"line":33,"column":28},"end":{"line":33,"column":77}},"27":{"start":{"line":34,"column":12},"end":{"line":41,"column":13}},"28":{"start":{"line":35,"column":16},"end":{"line":40,"column":17}},"29":{"start":{"line":36,"column":20},"end":{"line":38,"column":21}},"30":{"start":{"line":37,"column":24},"end":{"line":37,"column":93}},"31":{"start":{"line":39,"column":20},"end":{"line":39,"column":44}},"32":{"start":{"line":42,"column":12},"end":{"line":42,"column":26}},"33":{"start":{"line":46,"column":0},"end":{"line":46,"column":22}},"34":{"start":{"line":47,"column":0},"end":{"line":47,"column":24}}},"fnMap":{"0":{"name":"After","decl":{"start":{"line":12,"column":9},"end":{"line":12,"column":14}},"loc":{"start":{"line":12,"column":29},"end":{"line":45,"column":1}},"line":12},"1":{"name":"aop_before_decorator","decl":{"start":{"line":14,"column":20},"end":{"line":14,"column":40}},"loc":{"start":{"line":14,"column":74},"end":{"line":44,"column":5}},"line":14},"2":{"name":"aop_before_run","decl":{"start":{"line":16,"column":67},"end":{"line":16,"column":81}},"loc":{"start":{"line":16,"column":110},"end":{"line":43,"column":9}},"line":16}},"branchMap":{"0":{"loc":{"start":{"line":13,"column":29},"end":{"line":13,"column":54}},"type":"cond-expr","locations":[{"start":{"line":13,"column":45},"end":{"line":13,"column":49}},{"start":{"line":13,"column":52},"end":{"line":13,"column":54}}],"line":13},"1":{"loc":{"start":{"line":18,"column":12},"end":{"line":32,"column":13}},"type":"if","locations":[{"start":{"line":18,"column":12},"end":{"line":32,"column":13}},{"start":{"line":18,"column":12},"end":{"line":32,"column":13}}],"line":18},"2":{"loc":{"start":{"line":20,"column":16},"end":{"line":30,"column":17}},"type":"if","locations":[{"start":{"line":20,"column":16},"end":{"line":30,"column":17}},{"start":{"line":20,"column":16},"end":{"line":30,"column":17}}],"line":20},"3":{"loc":{"start":{"line":23,"column":21},"end":{"line":30,"column":17}},"type":"if","locations":[{"start":{"line":23,"column":21},"end":{"line":30,"column":17}},{"start":{"line":23,"column":21},"end":{"line":30,"column":17}}],"line":23},"4":{"loc":{"start":{"line":24,"column":20},"end":{"line":29,"column":21}},"type":"if","locations":[{"start":{"line":24,"column":20},"end":{"line":29,"column":21}},{"start":{"line":24,"column":20},"end":{"line":29,"column":21}}],"line":24},"5":{"loc":{"start":{"line":34,"column":12},"end":{"line":41,"column":13}},"type":"if","locations":[{"start":{"line":34,"column":12},"end":{"line":41,"column":13}},{"start":{"line":34,"column":12},"end":{"line":41,"column":13}}],"line":34},"6":{"loc":{"start":{"line":35,"column":16},"end":{"line":40,"column":17}},"type":"if","locations":[{"start":{"line":35,"column":16},"end":{"line":40,"column":17}},{"start":{"line":35,"column":16},"end":{"line":40,"column":17}}],"line":35},"7":{"loc":{"start":{"line":36,"column":20},"end":{"line":38,"column":21}},"type":"if","locations":[{"start":{"line":36,"column":20},"end":{"line":38,"column":21}},{"start":{"line":36,"column":20},"end":{"line":38,"column":21}}],"line":36},"8":{"loc":{"start":{"line":36,"column":24},"end":{"line":36,"column":127}},"type":"binary-expr","locations":[{"start":{"line":36,"column":24},"end":{"line":36,"column":77}},{"start":{"line":36,"column":81},"end":{"line":36,"column":97}},{"start":{"line":36,"column":101},"end":{"line":36,"column":127}}],"line":36}},"s":{"0":0,"1":0,"2":0,"3":0,"4":0,"5":0,"6":0,"7":0,"8":0,"9":0,"10":0,"11":0,"12":0,"13":0,"14":0,"15":0,"16":0,"17":0,"18":0,"19":0,"20":0,"21":0,"22":0,"23":0,"24":0,"25":0,"26":0,"27":0,"28":0,"29":0,"30":0,"31":0,"32":0,"33":0,"34":0},"f":{"0":0,"1":0,"2":0},"b":{"0":[0,0],"1":[0,0],"2":[0,0],"3":[0,0],"4":[0,0],"5":[0,0],"6":[0,0],"7":[0,0],"8":[0,0,0]}}
,"E:\\Self\\ts-decorators\\src\\decorators\\afterAsync.ts": {"path":"E:\\Self\\ts-decorators\\src\\decorators\\afterAsync.ts","statementMap":{"0":{"start":{"line":1,"column":13},"end":{"line":1,"column":42}},"1":{"start":{"line":1,"column":42},"end":{"line":1,"column":55}},"2":{"start":{"line":2,"column":0},"end":{"line":2,"column":62}},"3":{"start":{"line":3,"column":23},"end":{"line":3,"column":57}},"4":{"start":{"line":4,"column":21},"end":{"line":4,"column":53}},"5":{"start":{"line":5,"column":18},"end":{"line":5,"column":47}},"6":{"start":{"line":6,"column":23},"end":{"line":6,"column":57}},"7":{"start":{"line":7,"column":17},"end":{"line":7,"column":45}},"8":{"start":{"line":10,"column":13},"end":{"line":10,"column":20}},"9":{"start":{"line":10,"column":29},"end":{"line":10,"column":54}},"10":{"start":{"line":11,"column":4},"end":{"line":37,"column":6}},"11":{"start":{"line":12,"column":25},"end":{"line":12,"column":69}},"12":{"start":{"line":13,"column":8},"end":{"line":36,"column":11}},"13":{"start":{"line":14,"column":26},"end":{"line":14,"column":58}},"14":{"start":{"line":15,"column":12},"end":{"line":34,"column":13}},"15":{"start":{"line":16,"column":16},"end":{"line":18,"column":19}},"16":{"start":{"line":17,"column":20},"end":{"line":17,"column":75}},"17":{"start":{"line":21,"column":39},"end":{"line":21,"column":70}},"18":{"start":{"line":22,"column":16},"end":{"line":32,"column":17}},"19":{"start":{"line":23,"column":20},"end":{"line":23,"column":77}},"20":{"start":{"line":25,"column":21},"end":{"line":32,"column":17}},"21":{"start":{"line":26,"column":20},"end":{"line":31,"column":21}},"22":{"start":{"line":27,"column":24},"end":{"line":27,"column":116}},"23":{"start":{"line":30,"column":24},"end":{"line":30,"column":121}},"24":{"start":{"line":33,"column":16},"end":{"line":33,"column":276}},"25":{"start":{"line":35,"column":12},"end":{"line":35,"column":27}},"26":{"start":{"line":39,"column":0},"end":{"line":39,"column":32}},"27":{"start":{"line":40,"column":0},"end":{"line":40,"column":29}}},"fnMap":{"0":{"name":"AfterAsync","decl":{"start":{"line":9,"column":9},"end":{"line":9,"column":19}},"loc":{"start":{"line":9,"column":39},"end":{"line":38,"column":1}},"line":9},"1":{"name":"aop_before_decorator","decl":{"start":{"line":11,"column":20},"end":{"line":11,"column":40}},"loc":{"start":{"line":11,"column":74},"end":{"line":37,"column":5}},"line":11},"2":{"name":"aop_before_run","decl":{"start":{"line":13,"column":67},"end":{"line":13,"column":81}},"loc":{"start":{"line":13,"column":110},"end":{"line":36,"column":9}},"line":13},"3":{"name":"(anonymous_3)","decl":{"start":{"line":16,"column":29},"end":{"line":16,"column":30}},"loc":{"start":{"line":16,"column":47},"end":{"line":18,"column":17}},"line":16}},"branchMap":{"0":{"loc":{"start":{"line":10,"column":29},"end":{"line":10,"column":54}},"type":"cond-expr","locations":[{"start":{"line":10,"column":45},"end":{"line":10,"column":49}},{"start":{"line":10,"column":52},"end":{"line":10,"column":54}}],"line":10},"1":{"loc":{"start":{"line":15,"column":12},"end":{"line":34,"column":13}},"type":"if","locations":[{"start":{"line":15,"column":12},"end":{"line":34,"column":13}},{"start":{"line":15,"column":12},"end":{"line":34,"column":13}}],"line":15},"2":{"loc":{"start":{"line":22,"column":16},"end":{"line":32,"column":17}},"type":"if","locations":[{"start":{"line":22,"column":16},"end":{"line":32,"column":17}},{"start":{"line":22,"column":16},"end":{"line":32,"column":17}}],"line":22},"3":{"loc":{"start":{"line":25,"column":21},"end":{"line":32,"column":17}},"type":"if","locations":[{"start":{"line":25,"column":21},"end":{"line":32,"column":17}},{"start":{"line":25,"column":21},"end":{"line":32,"column":17}}],"line":25},"4":{"loc":{"start":{"line":26,"column":20},"end":{"line":31,"column":21}},"type":"if","locations":[{"start":{"line":26,"column":20},"end":{"line":31,"column":21}},{"start":{"line":26,"column":20},"end":{"line":31,"column":21}}],"line":26}},"s":{"0":0,"1":0,"2":0,"3":0,"4":0,"5":0,"6":0,"7":0,"8":0,"9":0,"10":0,"11":0,"12":0,"13":0,"14":0,"15":0,"16":0,"17":0,"18":0,"19":0,"20":0,"21":0,"22":0,"23":0,"24":0,"25":0,"26":0,"27":0},"f":{"0":0,"1":0,"2":0,"3":0},"b":{"0":[0,0],"1":[0,0],"2":[0,0],"3":[0,0],"4":[0,0]}}
,"E:\\Self\\ts-decorators\\src\\decorators\\before.ts": {"path":"E:\\Self\\ts-decorators\\src\\decorators\\before.ts","statementMap":{"0":{"start":{"line":1,"column":13},"end":{"line":1,"column":42}},"1":{"start":{"line":1,"column":42},"end":{"line":1,"column":55}},"2":{"start":{"line":2,"column":0},"end":{"line":2,"column":62}},"3":{"start":{"line":3,"column":21},"end":{"line":3,"column":53}},"4":{"start":{"line":4,"column":23},"end":{"line":4,"column":57}},"5":{"start":{"line":5,"column":23},"end":{"line":5,"column":57}},"6":{"start":{"line":6,"column":23},"end":{"line":6,"column":57}},"7":{"start":{"line":7,"column":18},"end":{"line":7,"column":46}},"8":{"start":{"line":8,"column":15},"end":{"line":8,"column":41}},"9":{"start":{"line":18,"column":4},"end":{"line":36,"column":6}},"10":{"start":{"line":19,"column":25},"end":{"line":19,"column":69}},"11":{"start":{"line":20,"column":8},"end":{"line":35,"column":11}},"12":{"start":{"line":21,"column":28},"end":{"line":21,"column":70}},"13":{"start":{"line":22,"column":12},"end":{"line":33,"column":13}},"14":{"start":{"line":23,"column":16},"end":{"line":32,"column":17}},"15":{"start":{"line":25,"column":20},"end":{"line":27,"column":21}},"16":{"start":{"line":26,"column":24},"end":{"line":26,"column":100}},"17":{"start":{"line":28,"column":20},"end":{"line":28,"column":44}},"18":{"start":{"line":30,"column":21},"end":{"line":32,"column":17}},"19":{"start":{"line":31,"column":20},"end":{"line":31,"column":70}},"20":{"start":{"line":34,"column":12},"end":{"line":34,"column":52}},"21":{"start":{"line":38,"column":0},"end":{"line":38,"column":24}},"22":{"start":{"line":39,"column":0},"end":{"line":39,"column":25}}},"fnMap":{"0":{"name":"Before","decl":{"start":{"line":17,"column":9},"end":{"line":17,"column":15}},"loc":{"start":{"line":17,"column":27},"end":{"line":37,"column":1}},"line":17},"1":{"name":"aop_before_decorator","decl":{"start":{"line":18,"column":20},"end":{"line":18,"column":40}},"loc":{"start":{"line":18,"column":74},"end":{"line":36,"column":5}},"line":18},"2":{"name":"aop_before_run","decl":{"start":{"line":20,"column":67},"end":{"line":20,"column":81}},"loc":{"start":{"line":20,"column":110},"end":{"line":35,"column":9}},"line":20}},"branchMap":{"0":{"loc":{"start":{"line":22,"column":12},"end":{"line":33,"column":13}},"type":"if","locations":[{"start":{"line":22,"column":12},"end":{"line":33,"column":13}},{"start":{"line":22,"column":12},"end":{"line":33,"column":13}}],"line":22},"1":{"loc":{"start":{"line":23,"column":16},"end":{"line":32,"column":17}},"type":"if","locations":[{"start":{"line":23,"column":16},"end":{"line":32,"column":17}},{"start":{"line":23,"column":16},"end":{"line":32,"column":17}}],"line":23},"2":{"loc":{"start":{"line":25,"column":20},"end":{"line":27,"column":21}},"type":"if","locations":[{"start":{"line":25,"column":20},"end":{"line":27,"column":21}},{"start":{"line":25,"column":20},"end":{"line":27,"column":21}}],"line":25},"3":{"loc":{"start":{"line":25,"column":24},"end":{"line":25,"column":127}},"type":"binary-expr","locations":[{"start":{"line":25,"column":24},"end":{"line":25,"column":77}},{"start":{"line":25,"column":81},"end":{"line":25,"column":97}},{"start":{"line":25,"column":101},"end":{"line":25,"column":127}}],"line":25},"4":{"loc":{"start":{"line":30,"column":21},"end":{"line":32,"column":17}},"type":"if","locations":[{"start":{"line":30,"column":21},"end":{"line":32,"column":17}},{"start":{"line":30,"column":21},"end":{"line":32,"column":17}}],"line":30}},"s":{"0":2,"1":2,"2":2,"3":2,"4":2,"5":2,"6":2,"7":2,"8":2,"9":8,"10":8,"11":8,"12":8,"13":8,"14":3,"15":2,"16":2,"17":2,"18":1,"19":1,"20":5,"21":2,"22":2},"f":{"0":8,"1":8,"2":8},"b":{"0":[3,5],"1":[2,1],"2":[2,0],"3":[2,2,2],"4":[1,0]},"_coverageSchema":"332fd63041d2c1bcb487cc26dd0d5f7d97098a6c","hash":"c2cd45c288c0acbea643e25165e93fd853da2a07"}
,"E:\\Self\\ts-decorators\\src\\decorators\\beforeAsync.ts": {"path":"E:\\Self\\ts-decorators\\src\\decorators\\beforeAsync.ts","statementMap":{"0":{"start":{"line":1,"column":13},"end":{"line":1,"column":42}},"1":{"start":{"line":1,"column":42},"end":{"line":1,"column":55}},"2":{"start":{"line":2,"column":16},"end":{"line":9,"column":1}},"3":{"start":{"line":3,"column":4},"end":{"line":8,"column":7}},"4":{"start":{"line":4,"column":36},"end":{"line":4,"column":97}},"5":{"start":{"line":4,"column":42},"end":{"line":4,"column":70}},"6":{"start":{"line":4,"column":85},"end":{"line":4,"column":95}},"7":{"start":{"line":5,"column":35},"end":{"line":5,"column":100}},"8":{"start":{"line":5,"column":41},"end":{"line":5,"column":73}},"9":{"start":{"line":5,"column":88},"end":{"line":5,"column":98}},"10":{"start":{"line":6,"column":32},"end":{"line":6,"column":149}},"11":{"start":{"line":6,"column":97},"end":{"line":6,"column":119}},"12":{"start":{"line":7,"column":8},"end":{"line":7,"column":78}},"13":{"start":{"line":10,"column":18},"end":{"line":36,"column":1}},"14":{"start":{"line":11,"column":12},"end":{"line":11,"column":104}},"15":{"start":{"line":11,"column":43},"end":{"line":11,"column":68}},"16":{"start":{"line":11,"column":57},"end":{"line":11,"column":68}},"17":{"start":{"line":11,"column":69},"end":{"line":11,"column":81}},"18":{"start":{"line":12,"column":4},"end":{"line":12,"column":157}},"19":{"start":{"line":12,"column":138},"end":{"line":12,"column":150}},"20":{"start":{"line":13,"column":23},"end":{"line":13,"column":68}},"21":{"start":{"line":13,"column":45},"end":{"line":13,"column":65}},"22":{"start":{"line":15,"column":8},"end":{"line":15,"column":70}},"23":{"start":{"line":15,"column":15},"end":{"line":15,"column":70}},"24":{"start":{"line":16,"column":8},"end":{"line":33,"column":66}},"25":{"start":{"line":16,"column":18},"end":{"line":33,"column":66}},"26":{"start":{"line":17,"column":12},"end":{"line":17,"column":127}},"27":{"start":{"line":17,"column":118},"end":{"line":17,"column":127}},"28":{"start":{"line":18,"column":12},"end":{"line":18,"column":44}},"29":{"start":{"line":18,"column":26},"end":{"line":18,"column":44}},"30":{"start":{"line":19,"column":12},"end":{"line":31,"column":13}},"31":{"start":{"line":20,"column":32},"end":{"line":20,"column":39}},"32":{"start":{"line":20,"column":40},"end":{"line":20,"column":46}},"33":{"start":{"line":21,"column":24},"end":{"line":21,"column":34}},"34":{"start":{"line":21,"column":35},"end":{"line":21,"column":72}},"35":{"start":{"line":22,"column":24},"end":{"line":22,"column":34}},"36":{"start":{"line":22,"column":35},"end":{"line":22,"column":45}},"37":{"start":{"line":22,"column":46},"end":{"line":22,"column":55}},"38":{"start":{"line":22,"column":56},"end":{"line":22,"column":65}},"39":{"start":{"line":23,"column":24},"end":{"line":23,"column":41}},"40":{"start":{"line":23,"column":42},"end":{"line":23,"column":55}},"41":{"start":{"line":23,"column":56},"end":{"line":23,"column":65}},"42":{"start":{"line":25,"column":20},"end":{"line":25,"column":128}},"43":{"start":{"line":25,"column":110},"end":{"line":25,"column":116}},"44":{"start":{"line":25,"column":117},"end":{"line":25,"column":126}},"45":{"start":{"line":26,"column":20},"end":{"line":26,"column":106}},"46":{"start":{"line":26,"column":81},"end":{"line":26,"column":97}},"47":{"start":{"line":26,"column":98},"end":{"line":26,"column":104}},"48":{"start":{"line":27,"column":20},"end":{"line":27,"column":89}},"49":{"start":{"line":27,"column":57},"end":{"line":27,"column":72}},"50":{"start":{"line":27,"column":73},"end":{"line":27,"column":80}},"51":{"start":{"line":27,"column":81},"end":{"line":27,"column":87}},"52":{"start":{"line":28,"column":20},"end":{"line":28,"column":87}},"53":{"start":{"line":28,"column":47},"end":{"line":28,"column":62}},"54":{"start":{"line":28,"column":63},"end":{"line":28,"column":78}},"55":{"start":{"line":28,"column":79},"end":{"line":28,"column":85}},"56":{"start":{"line":29,"column":20},"end":{"line":29,"column":42}},"57":{"start":{"line":29,"column":30},"end":{"line":29,"column":42}},"58":{"start":{"line":30,"column":20},"end":{"line":30,"column":33}},"59":{"start":{"line":30,"column":34},"end":{"line":30,"column":43}},"60":{"start":{"line":32,"column":12},"end":{"line":32,"column":39}},"61":{"start":{"line":33,"column":22},"end":{"line":33,"column":34}},"62":{"start":{"line":33,"column":35},"end":{"line":33,"column":41}},"63":{"start":{"line":33,"column":54},"end":{"line":33,"column":64}},"64":{"start":{"line":34,"column":8},"end":{"line":34,"column":35}},"65":{"start":{"line":34,"column":23},"end":{"line":34,"column":35}},"66":{"start":{"line":34,"column":36},"end":{"line":34,"column":89}},"67":{"start":{"line":37,"column":0},"end":{"line":37,"column":62}},"68":{"start":{"line":38,"column":21},"end":{"line":38,"column":53}},"69":{"start":{"line":39,"column":23},"end":{"line":39,"column":57}},"70":{"start":{"line":40,"column":23},"end":{"line":40,"column":57}},"71":{"start":{"line":41,"column":18},"end":{"line":41,"column":46}},"72":{"start":{"line":44,"column":4},"end":{"line":70,"column":6}},"73":{"start":{"line":45,"column":25},"end":{"line":45,"column":76}},"74":{"start":{"line":46,"column":8},"end":{"line":69,"column":11}},"75":{"start":{"line":47,"column":12},"end":{"line":68,"column":15}},"76":{"start":{"line":49,"column":16},"end":{"line":67,"column":19}},"77":{"start":{"line":50,"column":20},"end":{"line":66,"column":21}},"78":{"start":{"line":51,"column":32},"end":{"line":51,"column":97}},"79":{"start":{"line":53,"column":28},"end":{"line":53,"column":50}},"80":{"start":{"line":54,"column":28},"end":{"line":64,"column":29}},"81":{"start":{"line":55,"column":32},"end":{"line":63,"column":33}},"82":{"start":{"line":56,"column":36},"end":{"line":58,"column":37}},"83":{"start":{"line":57,"column":40},"end":{"line":57,"column":109}},"84":{"start":{"line":59,"column":36},"end":{"line":59,"column":76}},"85":{"start":{"line":61,"column":37},"end":{"line":63,"column":33}},"86":{"start":{"line":62,"column":36},"end":{"line":62,"column":102}},"87":{"start":{"line":65,"column":28},"end":{"line":65,"column":84}},"88":{"start":{"line":72,"column":0},"end":{"line":72,"column":34}},"89":{"start":{"line":73,"column":0},"end":{"line":73,"column":30}}},"fnMap":{"0":{"name":"(anonymous_0)","decl":{"start":{"line":2,"column":44},"end":{"line":2,"column":45}},"loc":{"start":{"line":2,"column":89},"end":{"line":9,"column":1}},"line":2},"1":{"name":"(anonymous_1)","decl":{"start":{"line":3,"column":36},"end":{"line":3,"column":37}},"loc":{"start":{"line":3,"column":63},"end":{"line":8,"column":5}},"line":3},"2":{"name":"fulfilled","decl":{"start":{"line":4,"column":17},"end":{"line":4,"column":26}},"loc":{"start":{"line":4,"column":34},"end":{"line":4,"column":99}},"line":4},"3":{"name":"rejected","decl":{"start":{"line":5,"column":17},"end":{"line":5,"column":25}},"loc":{"start":{"line":5,"column":33},"end":{"line":5,"column":102}},"line":5},"4":{"name":"step","decl":{"start":{"line":6,"column":17},"end":{"line":6,"column":21}},"loc":{"start":{"line":6,"column":30},"end":{"line":6,"column":151}},"line":6},"5":{"name":"(anonymous_5)","decl":{"start":{"line":6,"column":76},"end":{"line":6,"column":77}},"loc":{"start":{"line":6,"column":95},"end":{"line":6,"column":121}},"line":6},"6":{"name":"(anonymous_6)","decl":{"start":{"line":10,"column":48},"end":{"line":10,"column":49}},"loc":{"start":{"line":10,"column":73},"end":{"line":36,"column":1}},"line":10},"7":{"name":"(anonymous_7)","decl":{"start":{"line":11,"column":30},"end":{"line":11,"column":31}},"loc":{"start":{"line":11,"column":41},"end":{"line":11,"column":83}},"line":11},"8":{"name":"(anonymous_8)","decl":{"start":{"line":12,"column":125},"end":{"line":12,"column":126}},"loc":{"start":{"line":12,"column":136},"end":{"line":12,"column":152}},"line":12},"9":{"name":"verb","decl":{"start":{"line":13,"column":13},"end":{"line":13,"column":17}},"loc":{"start":{"line":13,"column":21},"end":{"line":13,"column":70}},"line":13},"10":{"name":"(anonymous_10)","decl":{"start":{"line":13,"column":30},"end":{"line":13,"column":31}},"loc":{"start":{"line":13,"column":43},"end":{"line":13,"column":67}},"line":13},"11":{"name":"step","decl":{"start":{"line":14,"column":13},"end":{"line":14,"column":17}},"loc":{"start":{"line":14,"column":22},"end":{"line":35,"column":5}},"line":14},"12":{"name":"BeforeAsync","decl":{"start":{"line":43,"column":9},"end":{"line":43,"column":20}},"loc":{"start":{"line":43,"column":32},"end":{"line":71,"column":1}},"line":43},"13":{"name":"aop_before_decorator","decl":{"start":{"line":44,"column":20},"end":{"line":44,"column":40}},"loc":{"start":{"line":44,"column":74},"end":{"line":70,"column":5}},"line":44},"14":{"name":"aop_before_async_run","decl":{"start":{"line":46,"column":67},"end":{"line":46,"column":87}},"loc":{"start":{"line":46,"column":116},"end":{"line":69,"column":9}},"line":46},"15":{"name":"(anonymous_15)","decl":{"start":{"line":47,"column":51},"end":{"line":47,"column":52}},"loc":{"start":{"line":47,"column":63},"end":{"line":68,"column":13}},"line":47},"16":{"name":"(anonymous_16)","decl":{"start":{"line":49,"column":41},"end":{"line":49,"column":42}},"loc":{"start":{"line":49,"column":55},"end":{"line":67,"column":17}},"line":49}},"branchMap":{"0":{"loc":{"start":{"line":2,"column":16},"end":{"line":9,"column":1}},"type":"binary-expr","locations":[{"start":{"line":2,"column":17},"end":{"line":2,"column":21}},{"start":{"line":2,"column":25},"end":{"line":2,"column":39}},{"start":{"line":2,"column":44},"end":{"line":9,"column":1}}],"line":2},"1":{"loc":{"start":{"line":3,"column":16},"end":{"line":3,"column":34}},"type":"binary-expr","locations":[{"start":{"line":3,"column":16},"end":{"line":3,"column":17}},{"start":{"line":3,"column":22},"end":{"line":3,"column":33}}],"line":3},"2":{"loc":{"start":{"line":6,"column":32},"end":{"line":6,"column":148}},"type":"cond-expr","locations":[{"start":{"line":6,"column":46},"end":{"line":6,"column":67}},{"start":{"line":6,"column":70},"end":{"line":6,"column":148}}],"line":6},"3":{"loc":{"start":{"line":7,"column":51},"end":{"line":7,"column":67}},"type":"binary-expr","locations":[{"start":{"line":7,"column":51},"end":{"line":7,"column":61}},{"start":{"line":7,"column":65},"end":{"line":7,"column":67}}],"line":7},"4":{"loc":{"start":{"line":10,"column":18},"end":{"line":36,"column":1}},"type":"binary-expr","locations":[{"start":{"line":10,"column":19},"end":{"line":10,"column":23}},{"start":{"line":10,"column":27},"end":{"line":10,"column":43}},{"start":{"line":10,"column":48},"end":{"line":36,"column":1}}],"line":10},"5":{"loc":{"start":{"line":11,"column":43},"end":{"line":11,"column":68}},"type":"if","locations":[{"start":{"line":11,"column":43},"end":{"line":11,"column":68}},{"start":{"line":11,"column":43},"end":{"line":11,"column":68}}],"line":11},"6":{"loc":{"start":{"line":12,"column":71},"end":{"line":12,"column":153}},"type":"binary-expr","locations":[{"start":{"line":12,"column":71},"end":{"line":12,"column":99}},{"start":{"line":12,"column":104},"end":{"line":12,"column":152}}],"line":12},"7":{"loc":{"start":{"line":15,"column":8},"end":{"line":15,"column":70}},"type":"if","locations":[{"start":{"line":15,"column":8},"end":{"line":15,"column":70}},{"start":{"line":15,"column":8},"end":{"line":15,"column":70}}],"line":15},"8":{"loc":{"start":{"line":17,"column":12},"end":{"line":17,"column":127}},"type":"if","locations":[{"start":{"line":17,"column":12},"end":{"line":17,"column":127}},{"start":{"line":17,"column":12},"end":{"line":17,"column":127}}],"line":17},"9":{"loc":{"start":{"line":17,"column":23},"end":{"line":17,"column":116}},"type":"binary-expr","locations":[{"start":{"line":17,"column":23},"end":{"line":17,"column":24}},{"start":{"line":17,"column":29},"end":{"line":17,"column":83}},{"start":{"line":17,"column":88},"end":{"line":17,"column":116}}],"line":17},"10":{"loc":{"start":{"line":17,"column":35},"end":{"line":17,"column":82}},"type":"cond-expr","locations":[{"start":{"line":17,"column":47},"end":{"line":17,"column":55}},{"start":{"line":17,"column":58},"end":{"line":17,"column":82}}],"line":17},"11":{"loc":{"start":{"line":17,"column":58},"end":{"line":17,"column":82}},"type":"cond-expr","locations":[{"start":{"line":17,"column":66},"end":{"line":17,"column":73}},{"start":{"line":17,"column":76},"end":{"line":17,"column":82}}],"line":17},"12":{"loc":{"start":{"line":18,"column":12},"end":{"line":18,"column":44}},"type":"if","locations":[{"start":{"line":18,"column":12},"end":{"line":18,"column":44}},{"start":{"line":18,"column":12},"end":{"line":18,"column":44}}],"line":18},"13":{"loc":{"start":{"line":19,"column":12},"end":{"line":31,"column":13}},"type":"switch","locations":[{"start":{"line":20,"column":16},"end":{"line":20,"column":23}},{"start":{"line":20,"column":24},"end":{"line":20,"column":46}},{"start":{"line":21,"column":16},"end":{"line":21,"column":72}},{"start":{"line":22,"column":16},"end":{"line":22,"column":65}},{"start":{"line":23,"column":16},"end":{"line":23,"column":65}},{"start":{"line":24,"column":16},"end":{"line":30,"column":43}}],"line":19},"14":{"loc":{"start":{"line":25,"column":20},"end":{"line":25,"column":128}},"type":"if","locations":[{"start":{"line":25,"column":20},"end":{"line":25,"column":128}},{"start":{"line":25,"column":20},"end":{"line":25,"column":128}}],"line":25},"15":{"loc":{"start":{"line":25,"column":24},"end":{"line":25,"column":106}},"type":"binary-expr","locations":[{"start":{"line":25,"column":24},"end":{"line":25,"column":74}},{"start":{"line":25,"column":79},"end":{"line":25,"column":90}},{"start":{"line":25,"column":94},"end":{"line":25,"column":105}}],"line":25},"16":{"loc":{"start":{"line":25,"column":42},"end":{"line":25,"column":73}},"type":"binary-expr","locations":[{"start":{"line":25,"column":42},"end":{"line":25,"column":54}},{"start":{"line":25,"column":58},"end":{"line":25,"column":73}}],"line":25},"17":{"loc":{"start":{"line":26,"column":20},"end":{"line":26,"column":106}},"type":"if","locations":[{"start":{"line":26,"column":20},"end":{"line":26,"column":106}},{"start":{"line":26,"column":20},"end":{"line":26,"column":106}}],"line":26},"18":{"loc":{"start":{"line":26,"column":24},"end":{"line":26,"column":77}},"type":"binary-expr","locations":[{"start":{"line":26,"column":24},"end":{"line":26,"column":35}},{"start":{"line":26,"column":40},"end":{"line":26,"column":42}},{"start":{"line":26,"column":47},"end":{"line":26,"column":59}},{"start":{"line":26,"column":63},"end":{"line":26,"column":75}}],"line":26},"19":{"loc":{"start":{"line":27,"column":20},"end":{"line":27,"column":89}},"type":"if","locations":[{"start":{"line":27,"column":20},"end":{"line":27,"column":89}},{"start":{"line":27,"column":20},"end":{"line":27,"column":89}}],"line":27},"20":{"loc":{"start":{"line":27,"column":24},"end":{"line":27,"column":53}},"type":"binary-expr","locations":[{"start":{"line":27,"column":24},"end":{"line":27,"column":35}},{"start":{"line":27,"column":39},"end":{"line":27,"column":53}}],"line":27},"21":{"loc":{"start":{"line":28,"column":20},"end":{"line":28,"column":87}},"type":"if","locations":[{"start":{"line":28,"column":20},"end":{"line":28,"column":87}},{"start":{"line":28,"column":20},"end":{"line":28,"column":87}}],"line":28},"22":{"loc":{"start":{"line":28,"column":24},"end":{"line":28,"column":43}},"type":"binary-expr","locations":[{"start":{"line":28,"column":24},"end":{"line":28,"column":25}},{"start":{"line":28,"column":29},"end":{"line":28,"column":43}}],"line":28},"23":{"loc":{"start":{"line":29,"column":20},"end":{"line":29,"column":42}},"type":"if","locations":[{"start":{"line":29,"column":20},"end":{"line":29,"column":42}},{"start":{"line":29,"column":20},"end":{"line":29,"column":42}}],"line":29},"24":{"loc":{"start":{"line":34,"column":8},"end":{"line":34,"column":35}},"type":"if","locations":[{"start":{"line":34,"column":8},"end":{"line":34,"column":35}},{"start":{"line":34,"column":8},"end":{"line":34,"column":35}}],"line":34},"25":{"loc":{"start":{"line":34,"column":52},"end":{"line":34,"column":74}},"type":"cond-expr","locations":[{"start":{"line":34,"column":60},"end":{"line":34,"column":65}},{"start":{"line":34,"column":68},"end":{"line":34,"column":74}}],"line":34},"26":{"loc":{"start":{"line":50,"column":20},"end":{"line":66,"column":21}},"type":"switch","locations":[{"start":{"line":51,"column":24},"end":{"line":51,"column":97}},{"start":{"line":52,"column":24},"end":{"line":65,"column":84}}],"line":50},"27":{"loc":{"start":{"line":54,"column":28},"end":{"line":64,"column":29}},"type":"if","locations":[{"start":{"line":54,"column":28},"end":{"line":64,"column":29}},{"start":{"line":54,"column":28},"end":{"line":64,"column":29}}],"line":54},"28":{"loc":{"start":{"line":55,"column":32},"end":{"line":63,"column":33}},"type":"if","locations":[{"start":{"line":55,"column":32},"end":{"line":63,"column":33}},{"start":{"line":55,"column":32},"end":{"line":63,"column":33}}],"line":55},"29":{"loc":{"start":{"line":56,"column":36},"end":{"line":58,"column":37}},"type":"if","locations":[{"start":{"line":56,"column":36},"end":{"line":58,"column":37}},{"start":{"line":56,"column":36},"end":{"line":58,"column":37}}],"line":56},"30":{"loc":{"start":{"line":61,"column":37},"end":{"line":63,"column":33}},"type":"if","locations":[{"start":{"line":61,"column":37},"end":{"line":63,"column":33}},{"start":{"line":61,"column":37},"end":{"line":63,"column":33}}],"line":61}},"s":{"0":1,"1":1,"2":1,"3":1,"4":1,"5":1,"6":0,"7":0,"8":0,"9":0,"10":2,"11":1,"12":1,"13":1,"14":1,"15":1,"16":0,"17":1,"18":1,"19":0,"20":3,"21":2,"22":2,"23":0,"24":2,"25":4,"26":4,"27":0,"28":4,"29":0,"30":4,"31":2,"32":2,"33":1,"34":1,"35":0,"36":0,"37":0,"38":0,"39":0,"40":0,"41":0,"42":1,"43":1,"44":1,"45":0,"46":0,"47":0,"48":0,"49":0,"50":0,"51":0,"52":0,"53":0,"54":0,"55":0,"56":0,"57":0,"58":0,"59":0,"60":2,"61":0,"62":0,"63":4,"64":1,"65":0,"66":1,"67":1,"68":1,"69":1,"70":1,"71":1,"72":1,"73":1,"74":1,"75":1,"76":1,"77":2,"78":1,"79":1,"80":1,"81":1,"82":1,"83":1,"84":1,"85":0,"86":0,"87":0,"88":1,"89":1},"f":{"0":1,"1":1,"2":1,"3":0,"4":2,"5":1,"6":1,"7":1,"8":0,"9":3,"10":2,"11":2,"12":1,"13":1,"14":1,"15":1,"16":2},"b":{"0":[1,1,1],"1":[1,1],"2":[1,1],"3":[1,1],"4":[1,1,1],"5":[0,1],"6":[1,1],"7":[0,2],"8":[0,4],"9":[4,0,0],"10":[0,0],"11":[0,0],"12":[0,4],"13":[2,2,1,0,0,1],"14":[1,0],"15":[1,1,1],"16":[1,0],"17":[0,0],"18":[0,0,0,0],"19":[0,0],"20":[0,0],"21":[0,0],"22":[0,0],"23":[0,0],"24":[0,1],"25":[1,0],"26":[1,1],"27":[1,0],"28":[1,0],"29":[1,0],"30":[0,0]},"_coverageSchema":"332fd63041d2c1bcb487cc26dd0d5f7d97098a6c","hash":"50fcca410ff355fd5a4f1da5c6ecbd97f0c2d3c7"}
,"E:\\Self\\ts-decorators\\src\\decorators\\bindComponentThis.ts": {"path":"E:\\Self\\ts-decorators\\src\\decorators\\bindComponentThis.ts","statementMap":{"0":{"start":{"line":1,"column":13},"end":{"line":1,"column":42}},"1":{"start":{"line":1,"column":42},"end":{"line":1,"column":55}},"2":{"start":{"line":2,"column":0},"end":{"line":2,"column":62}},"3":{"start":{"line":3,"column":17},"end":{"line":3,"column":38}},"4":{"start":{"line":4,"column":28},"end":{"line":21,"column":1}},"5":{"start":{"line":23,"column":4},"end":{"line":25,"column":7}},"6":{"start":{"line":27,"column":0},"end":{"line":27,"column":46}}},"fnMap":{"0":{"name":"bindComponentThis","decl":{"start":{"line":22,"column":9},"end":{"line":22,"column":26}},"loc":{"start":{"line":22,"column":37},"end":{"line":26,"column":1}},"line":22}},"branchMap":{"0":{"loc":{"start":{"line":24,"column":17},"end":{"line":24,"column":109}},"type":"cond-expr","locations":[{"start":{"line":24,"column":47},"end":{"line":24,"column":85}},{"start":{"line":24,"column":88},"end":{"line":24,"column":109}}],"line":24},"1":{"loc":{"start":{"line":24,"column":17},"end":{"line":24,"column":44}},"type":"binary-expr","locations":[{"start":{"line":24,"column":17},"end":{"line":24,"column":25}},{"start":{"line":24,"column":29},"end":{"line":24,"column":44}}],"line":24}},"s":{"0":0,"1":0,"2":0,"3":0,"4":0,"5":0,"6":0},"f":{"0":0},"b":{"0":[0,0],"1":[0,0]}}
,"E:\\Self\\ts-decorators\\src\\decorators\\bindThis.ts": {"path":"E:\\Self\\ts-decorators\\src\\decorators\\bindThis.ts","statementMap":{"0":{"start":{"line":1,"column":13},"end":{"line":1,"column":42}},"1":{"start":{"line":1,"column":42},"end":{"line":1,"column":55}},"2":{"start":{"line":2,"column":0},"end":{"line":2,"column":62}},"3":{"start":{"line":3,"column":15},"end":{"line":3,"column":34}},"4":{"start":{"line":4,"column":31},"end":{"line":4,"column":73}},"5":{"start":{"line":5,"column":17},"end":{"line":5,"column":45}},"6":{"start":{"line":7,"column":13},"end":{"line":7,"column":36}},"7":{"start":{"line":7,"column":48},"end":{"line":7,"column":58}},"8":{"start":{"line":7,"column":70},"end":{"line":7,"column":80}},"9":{"start":{"line":9,"column":4},"end":{"line":42,"column":6}},"10":{"start":{"line":10,"column":24},"end":{"line":10,"column":26}},"11":{"start":{"line":11,"column":24},"end":{"line":11,"column":41}},"12":{"start":{"line":12,"column":8},"end":{"line":28,"column":9}},"13":{"start":{"line":13,"column":24},"end":{"line":13,"column":60}},"14":{"start":{"line":14,"column":12},"end":{"line":26,"column":13}},"15":{"start":{"line":15,"column":27},"end":{"line":15,"column":38}},"16":{"start":{"line":17,"column":16},"end":{"line":25,"column":17}},"17":{"start":{"line":18,"column":20},"end":{"line":20,"column":21}},"18":{"start":{"line":19,"column":24},"end":{"line":19,"column":33}},"19":{"start":{"line":21,"column":20},"end":{"line":23,"column":21}},"20":{"start":{"line":22,"column":24},"end":{"line":22,"column":33}},"21":{"start":{"line":24,"column":20},"end":{"line":24,"column":41}},"22":{"start":{"line":27,"column":12},"end":{"line":27,"column":103}},"23":{"start":{"line":29,"column":8},"end":{"line":41,"column":20}},"24":{"start":{"line":30,"column":26},"end":{"line":36,"column":13}},"25":{"start":{"line":32,"column":29},"end":{"line":32,"column":45}},"26":{"start":{"line":33,"column":16},"end":{"line":35,"column":19}},"27":{"start":{"line":34,"column":20},"end":{"line":34,"column":65}},"28":{"start":{"line":37,"column":12},"end":{"line":40,"column":13}},"29":{"start":{"line":38,"column":33},"end":{"line":38,"column":48}},"30":{"start":{"line":39,"column":16},"end":{"line":39,"column":36}},"31":{"start":{"line":44,"column":0},"end":{"line":44,"column":28}},"32":{"start":{"line":45,"column":0},"end":{"line":45,"column":27}},"33":{"start":{"line":47,"column":20},"end":{"line":47,"column":51}},"34":{"start":{"line":48,"column":4},"end":{"line":48,"column":92}},"35":{"start":{"line":49,"column":4},"end":{"line":49,"column":77}},"36":{"start":{"line":49,"column":45},"end":{"line":49,"column":73}}},"fnMap":{"0":{"name":"BindThis","decl":{"start":{"line":6,"column":9},"end":{"line":6,"column":17}},"loc":{"start":{"line":6,"column":22},"end":{"line":43,"column":1}},"line":6},"1":{"name":"bind_this_decorate","decl":{"start":{"line":9,"column":20},"end":{"line":9,"column":38}},"loc":{"start":{"line":9,"column":48},"end":{"line":42,"column":5}},"line":9},"2":{"name":"(anonymous_2)","decl":{"start":{"line":29,"column":32},"end":{"line":29,"column":33}},"loc":{"start":{"line":29,"column":48},"end":{"line":41,"column":9}},"line":29},"3":{"name":"(anonymous_3)","decl":{"start":{"line":30,"column":26},"end":{"line":30,"column":27}},"loc":{"start":{"line":30,"column":48},"end":{"line":36,"column":13}},"line":30},"4":{"name":"bind_this","decl":{"start":{"line":33,"column":136},"end":{"line":33,"column":145}},"loc":{"start":{"line":33,"column":148},"end":{"line":35,"column":17}},"line":33},"5":{"name":"getObjectAllFunctionNames","decl":{"start":{"line":46,"column":9},"end":{"line":46,"column":34}},"loc":{"start":{"line":46,"column":40},"end":{"line":50,"column":1}},"line":46},"6":{"name":"(anonymous_6)","decl":{"start":{"line":49,"column":28},"end":{"line":49,"column":29}},"loc":{"start":{"line":49,"column":43},"end":{"line":49,"column":75}},"line":49}},"branchMap":{"0":{"loc":{"start":{"line":7,"column":13},"end":{"line":7,"column":36}},"type":"cond-expr","locations":[{"start":{"line":7,"column":29},"end":{"line":7,"column":31}},{"start":{"line":7,"column":34},"end":{"line":7,"column":36}}],"line":7},"1":{"loc":{"start":{"line":17,"column":16},"end":{"line":25,"column":17}},"type":"if","locations":[{"start":{"line":17,"column":16},"end":{"line":25,"column":17}},{"start":{"line":17,"column":16},"end":{"line":25,"column":17}}],"line":17},"2":{"loc":{"start":{"line":18,"column":20},"end":{"line":20,"column":21}},"type":"if","locations":[{"start":{"line":18,"column":20},"end":{"line":20,"column":21}},{"start":{"line":18,"column":20},"end":{"line":20,"column":21}}],"line":18},"3":{"loc":{"start":{"line":18,"column":24},"end":{"line":18,"column":60}},"type":"binary-expr","locations":[{"start":{"line":18,"column":24},"end":{"line":18,"column":31}},{"start":{"line":18,"column":35},"end":{"line":18,"column":60}}],"line":18},"4":{"loc":{"start":{"line":21,"column":20},"end":{"line":23,"column":21}},"type":"if","locations":[{"start":{"line":21,"column":20},"end":{"line":23,"column":21}},{"start":{"line":21,"column":20},"end":{"line":23,"column":21}}],"line":21},"5":{"loc":{"start":{"line":21,"column":24},"end":{"line":21,"column":61}},"type":"binary-expr","locations":[{"start":{"line":21,"column":24},"end":{"line":21,"column":31}},{"start":{"line":21,"column":35},"end":{"line":21,"column":61}}],"line":21},"6":{"loc":{"start":{"line":27,"column":24},"end":{"line":27,"column":102}},"type":"cond-expr","locations":[{"start":{"line":27,"column":48},"end":{"line":27,"column":80}},{"start":{"line":27,"column":83},"end":{"line":27,"column":102}}],"line":27},"7":{"loc":{"start":{"line":33,"column":35},"end":{"line":35,"column":18}},"type":"cond-expr","locations":[{"start":{"line":33,"column":61},"end":{"line":33,"column":78}},{"start":{"line":33,"column":81},"end":{"line":35,"column":18}}],"line":33},"8":{"loc":{"start":{"line":48,"column":21},"end":{"line":48,"column":90}},"type":"cond-expr","locations":[{"start":{"line":48,"column":52},"end":{"line":48,"column":85}},{"start":{"line":48,"column":88},"end":{"line":48,"column":90}}],"line":48}},"s":{"0":1,"1":1,"2":1,"3":1,"4":1,"5":1,"6":5,"7":5,"8":5,"9":5,"10":5,"11":5,"12":5,"13":13,"14":13,"15":78,"16":78,"17":74,"18":29,"19":45,"20":1,"21":44,"22":13,"23":5,"24":4,"25":30,"26":30,"27":0,"28":4,"29":30,"30":30,"31":1,"32":1,"33":13,"34":13,"35":13,"36":83},"f":{"0":5,"1":5,"2":4,"3":30,"4":0,"5":13,"6":83},"b":{"0":[3,2],"1":[74,4],"2":[29,45],"3":[74,32],"4":[1,44],"5":[45,2],"6":[13,0],"7":[30,0],"8":[13,0]},"_coverageSchema":"332fd63041d2c1bcb487cc26dd0d5f7d97098a6c","hash":"16b84dbad26e6c67045202050f56e0f2b25d7229"}
,"E:\\Self\\ts-decorators\\src\\decorators\\whenError.ts": {"path":"E:\\Self\\ts-decorators\\src\\decorators\\whenError.ts","statementMap":{"0":{"start":{"line":1,"column":13},"end":{"line":1,"column":42}},"1":{"start":{"line":1,"column":42},"end":{"line":1,"column":55}},"2":{"start":{"line":2,"column":0},"end":{"line":2,"column":62}},"3":{"start":{"line":3,"column":21},"end":{"line":3,"column":53}},"4":{"start":{"line":4,"column":23},"end":{"line":4,"column":57}},"5":{"start":{"line":5,"column":23},"end":{"line":5,"column":57}},"6":{"start":{"line":6,"column":23},"end":{"line":6,"column":57}},"7":{"start":{"line":7,"column":18},"end":{"line":7,"column":46}},"8":{"start":{"line":8,"column":15},"end":{"line":8,"column":41}},"9":{"start":{"line":11,"column":4},"end":{"line":27,"column":6}},"10":{"start":{"line":12,"column":25},"end":{"line":12,"column":69}},"11":{"start":{"line":13,"column":8},"end":{"line":26,"column":11}},"12":{"start":{"line":14,"column":12},"end":{"line":25,"column":13}},"13":{"start":{"line":15,"column":16},"end":{"line":15,"column":56}},"14":{"start":{"line":18,"column":32},"end":{"line":18,"column":80}},"15":{"start":{"line":19,"column":16},"end":{"line":24,"column":17}},"16":{"start":{"line":20,"column":20},"end":{"line":22,"column":21}},"17":{"start":{"line":21,"column":24},"end":{"line":21,"column":93}},"18":{"start":{"line":23,"column":20},"end":{"line":23,"column":44}},"19":{"start":{"line":29,"column":0},"end":{"line":29,"column":30}},"20":{"start":{"line":30,"column":0},"end":{"line":30,"column":28}}},"fnMap":{"0":{"name":"WhenError","decl":{"start":{"line":10,"column":9},"end":{"line":10,"column":18}},"loc":{"start":{"line":10,"column":33},"end":{"line":28,"column":1}},"line":10},"1":{"name":"aop_when_error_decorator","decl":{"start":{"line":11,"column":20},"end":{"line":11,"column":44}},"loc":{"start":{"line":11,"column":78},"end":{"line":27,"column":5}},"line":11},"2":{"name":"aop_before_run","decl":{"start":{"line":13,"column":67},"end":{"line":13,"column":81}},"loc":{"start":{"line":13,"column":110},"end":{"line":26,"column":9}},"line":13}},"branchMap":{"0":{"loc":{"start":{"line":19,"column":16},"end":{"line":24,"column":17}},"type":"if","locations":[{"start":{"line":19,"column":16},"end":{"line":24,"column":17}},{"start":{"line":19,"column":16},"end":{"line":24,"column":17}}],"line":19},"1":{"loc":{"start":{"line":19,"column":20},"end":{"line":19,"column":76}},"type":"binary-expr","locations":[{"start":{"line":19,"column":20},"end":{"line":19,"column":29}},{"start":{"line":19,"column":33},"end":{"line":19,"column":76}}],"line":19},"2":{"loc":{"start":{"line":20,"column":20},"end":{"line":22,"column":21}},"type":"if","locations":[{"start":{"line":20,"column":20},"end":{"line":22,"column":21}},{"start":{"line":20,"column":20},"end":{"line":22,"column":21}}],"line":20},"3":{"loc":{"start":{"line":20,"column":24},"end":{"line":20,"column":127}},"type":"binary-expr","locations":[{"start":{"line":20,"column":24},"end":{"line":20,"column":77}},{"start":{"line":20,"column":81},"end":{"line":20,"column":97}},{"start":{"line":20,"column":101},"end":{"line":20,"column":127}}],"line":20}},"s":{"0":1,"1":1,"2":1,"3":1,"4":1,"5":1,"6":1,"7":1,"8":1,"9":3,"10":3,"11":3,"12":3,"13":3,"14":2,"15":2,"16":1,"17":1,"18":1,"19":1,"20":1},"f":{"0":3,"1":3,"2":3},"b":{"0":[1,1],"1":[2,1],"2":[1,0],"3":[1,1,1]},"_coverageSchema":"332fd63041d2c1bcb487cc26dd0d5f7d97098a6c","hash":"acd949ca2ffbaad848c724b602cc682eacbef947"}
,"E:\\Self\\ts-decorators\\src\\decorators\\utils\\aopResult.ts": {"path":"E:\\Self\\ts-decorators\\src\\decorators\\utils\\aopResult.ts","statementMap":{"0":{"start":{"line":1,"column":13},"end":{"line":1,"column":42}},"1":{"start":{"line":1,"column":42},"end":{"line":1,"column":55}},"2":{"start":{"line":2,"column":0},"end":{"line":2,"column":62}},"3":{"start":{"line":3,"column":14},"end":{"line":3,"column":39}},"4":{"start":{"line":5,"column":4},"end":{"line":5,"column":36}},"5":{"start":{"line":7,"column":0},"end":{"line":7,"column":52}},"6":{"start":{"line":9,"column":4},"end":{"line":9,"column":29}},"7":{"start":{"line":11,"column":0},"end":{"line":11,"column":48}}},"fnMap":{"0":{"name":"isAopReturnNewResult","decl":{"start":{"line":4,"column":9},"end":{"line":4,"column":29}},"loc":{"start":{"line":4,"column":35},"end":{"line":6,"column":1}},"line":4},"1":{"name":"isAopReturnNewArgs","decl":{"start":{"line":8,"column":9},"end":{"line":8,"column":27}},"loc":{"start":{"line":8,"column":33},"end":{"line":10,"column":1}},"line":8}},"branchMap":{},"s":{"0":4,"1":4,"2":4,"3":4,"4":5,"5":4,"6":0,"7":4},"f":{"0":5,"1":0},"b":{},"_coverageSchema":"332fd63041d2c1bcb487cc26dd0d5f7d97098a6c","hash":"1d1b764e8e2d8440d93afdd35089f1e05feb2cd8"}
,"E:\\Self\\ts-decorators\\src\\utils\\aopGenerator.ts": {"path":"E:\\Self\\ts-decorators\\src\\utils\\aopGenerator.ts","statementMap":{"0":{"start":{"line":1,"column":13},"end":{"line":1,"column":42}},"1":{"start":{"line":1,"column":42},"end":{"line":1,"column":55}},"2":{"start":{"line":2,"column":0},"end":{"line":2,"column":62}},"3":{"start":{"line":3,"column":21},"end":{"line":3,"column":46}},"4":{"start":{"line":4,"column":31},"end":{"line":4,"column":66}},"5":{"start":{"line":5,"column":23},"end":{"line":5,"column":50}},"6":{"start":{"line":6,"column":23},"end":{"line":6,"column":50}},"7":{"start":{"line":9,"column":21},"end":{"line":9,"column":65}},"8":{"start":{"line":10,"column":4},"end":{"line":12,"column":5}},"9":{"start":{"line":11,"column":8},"end":{"line":11,"column":59}},"10":{"start":{"line":14,"column":25},"end":{"line":14,"column":106}},"11":{"start":{"line":15,"column":17},"end":{"line":21,"column":23}},"12":{"start":{"line":16,"column":19},"end":{"line":16,"column":21}},"13":{"start":{"line":17,"column":8},"end":{"line":19,"column":9}},"14":{"start":{"line":18,"column":12},"end":{"line":18,"column":37}},"15":{"start":{"line":20,"column":8},"end":{"line":20,"column":47}},"16":{"start":{"line":22,"column":4},"end":{"line":22,"column":40}},"17":{"start":{"line":23,"column":4},"end":{"line":25,"column":5}},"18":{"start":{"line":24,"column":8},"end":{"line":24,"column":22}},"19":{"start":{"line":26,"column":4},"end":{"line":26,"column":30}},"20":{"start":{"line":27,"column":4},"end":{"line":27,"column":22}},"21":{"start":{"line":29,"column":0},"end":{"line":29,"column":36}},"22":{"start":{"line":30,"column":0},"end":{"line":30,"column":31}}},"fnMap":{"0":{"name":"aopGenerator","decl":{"start":{"line":8,"column":9},"end":{"line":8,"column":21}},"loc":{"start":{"line":8,"column":47},"end":{"line":28,"column":1}},"line":8},"1":{"name":"F","decl":{"start":{"line":15,"column":103},"end":{"line":15,"column":104}},"loc":{"start":{"line":15,"column":107},"end":{"line":21,"column":5}},"line":15}},"branchMap":{"0":{"loc":{"start":{"line":10,"column":4},"end":{"line":12,"column":5}},"type":"if","locations":[{"start":{"line":10,"column":4},"end":{"line":12,"column":5}},{"start":{"line":10,"column":4},"end":{"line":12,"column":5}}],"line":10},"1":{"loc":{"start":{"line":14,"column":25},"end":{"line":14,"column":106}},"type":"cond-expr","locations":[{"start":{"line":14,"column":81},"end":{"line":14,"column":87}},{"start":{"line":14,"column":90},"end":{"line":14,"column":106}}],"line":14},"2":{"loc":{"start":{"line":23,"column":4},"end":{"line":25,"column":5}},"type":"if","locations":[{"start":{"line":23,"column":4},"end":{"line":25,"column":5}},{"start":{"line":23,"column":4},"end":{"line":25,"column":5}}],"line":23}},"s":{"0":5,"1":5,"2":5,"3":5,"4":5,"5":5,"6":5,"7":14,"8":14,"9":0,"10":14,"11":14,"12":13,"13":13,"14":0,"15":13,"16":14,"17":14,"18":14,"19":0,"20":0,"21":5,"22":5},"f":{"0":14,"1":13},"b":{"0":[0,14],"1":[14,0],"2":[14,0]},"_coverageSchema":"332fd63041d2c1bcb487cc26dd0d5f7d97098a6c","hash":"cc7f5e75cb7dd1b14b0d46343c63c8021cf32f8c"}
,"E:\\Self\\ts-decorators\\src\\utils\\createFunctionWithName.ts": {"path":"E:\\Self\\ts-decorators\\src\\utils\\createFunctionWithName.ts","statementMap":{"0":{"start":{"line":1,"column":13},"end":{"line":1,"column":42}},"1":{"start":{"line":1,"column":42},"end":{"line":1,"column":55}},"2":{"start":{"line":2,"column":0},"end":{"line":2,"column":62}},"3":{"start":{"line":19,"column":4},"end":{"line":19,"column":147}},"4":{"start":{"line":21,"column":0},"end":{"line":21,"column":56}},"5":{"start":{"line":22,"column":0},"end":{"line":22,"column":41}}},"fnMap":{"0":{"name":"createFunctionWithName","decl":{"start":{"line":11,"column":9},"end":{"line":11,"column":31}},"loc":{"start":{"line":11,"column":42},"end":{"line":20,"column":1}},"line":11}},"branchMap":{},"s":{"0":6,"1":6,"2":6,"3":15,"4":6,"5":6},"f":{"0":15},"b":{},"_coverageSchema":"332fd63041d2c1bcb487cc26dd0d5f7d97098a6c","hash":"76571bd8d3632600819f7e5a624496666895d659"}
,"E:\\Self\\ts-decorators\\src\\utils\\decorateTarget.ts": {"path":"E:\\Self\\ts-decorators\\src\\utils\\decorateTarget.ts","statementMap":{"0":{"start":{"line":1,"column":13},"end":{"line":1,"column":42}},"1":{"start":{"line":1,"column":42},"end":{"line":1,"column":55}},"2":{"start":{"line":2,"column":0},"end":{"line":2,"column":62}},"3":{"start":{"line":3,"column":17},"end":{"line":3,"column":45}},"4":{"start":{"line":5,"column":0},"end":{"line":9,"column":80}},"5":{"start":{"line":6,"column":4},"end":{"line":6,"column":65}},"6":{"start":{"line":7,"column":4},"end":{"line":7,"column":60}},"7":{"start":{"line":8,"column":4},"end":{"line":8,"column":62}},"8":{"start":{"line":12,"column":4},"end":{"line":17,"column":5}},"9":{"start":{"line":13,"column":8},"end":{"line":13,"column":38}},"10":{"start":{"line":15,"column":9},"end":{"line":17,"column":5}},"11":{"start":{"line":16,"column":8},"end":{"line":16,"column":37}},"12":{"start":{"line":18,"column":4},"end":{"line":18,"column":35}},"13":{"start":{"line":20,"column":0},"end":{"line":20,"column":40}},"14":{"start":{"line":21,"column":0},"end":{"line":21,"column":33}}},"fnMap":{"0":{"name":"(anonymous_0)","decl":{"start":{"line":5,"column":1},"end":{"line":5,"column":2}},"loc":{"start":{"line":5,"column":28},"end":{"line":9,"column":1}},"line":5},"1":{"name":"decorateTarget","decl":{"start":{"line":11,"column":9},"end":{"line":11,"column":23}},"loc":{"start":{"line":11,"column":44},"end":{"line":19,"column":1}},"line":11}},"branchMap":{"0":{"loc":{"start":{"line":9,"column":21},"end":{"line":9,"column":78}},"type":"binary-expr","locations":[{"start":{"line":9,"column":21},"end":{"line":9,"column":44}},{"start":{"line":9,"column":49},"end":{"line":9,"column":77}}],"line":9},"1":{"loc":{"start":{"line":12,"column":4},"end":{"line":17,"column":5}},"type":"if","locations":[{"start":{"line":12,"column":4},"end":{"line":17,"column":5}},{"start":{"line":12,"column":4},"end":{"line":17,"column":5}}],"line":12},"2":{"loc":{"start":{"line":12,"column":8},"end":{"line":12,"column":50}},"type":"binary-expr","locations":[{"start":{"line":12,"column":8},"end":{"line":12,"column":18}},{"start":{"line":12,"column":22},"end":{"line":12,"column":50}}],"line":12},"3":{"loc":{"start":{"line":15,"column":9},"end":{"line":17,"column":5}},"type":"if","locations":[{"start":{"line":15,"column":9},"end":{"line":17,"column":5}},{"start":{"line":15,"column":9},"end":{"line":17,"column":5}}],"line":15}},"s":{"0":6,"1":6,"2":6,"3":6,"4":6,"5":6,"6":6,"7":6,"8":30,"9":2,"10":28,"11":27,"12":1,"13":6,"14":6},"f":{"0":6,"1":30},"b":{"0":[6,6],"1":[2,28],"2":[30,4],"3":[27,1]},"_coverageSchema":"332fd63041d2c1bcb487cc26dd0d5f7d97098a6c","hash":"e329e5c4254177db14f21e8778a72dec51458f50"}
,"E:\\Self\\ts-decorators\\src\\utils\\isPromise.ts": {"path":"E:\\Self\\ts-decorators\\src\\utils\\isPromise.ts","statementMap":{"0":{"start":{"line":1,"column":13},"end":{"line":1,"column":42}},"1":{"start":{"line":1,"column":42},"end":{"line":1,"column":55}},"2":{"start":{"line":2,"column":0},"end":{"line":2,"column":62}},"3":{"start":{"line":3,"column":15},"end":{"line":3,"column":41}},"4":{"start":{"line":4,"column":17},"end":{"line":4,"column":45}},"5":{"start":{"line":6,"column":4},"end":{"line":11,"column":5}},"6":{"start":{"line":7,"column":8},"end":{"line":9,"column":9}},"7":{"start":{"line":8,"column":12},"end":{"line":8,"column":42}},"8":{"start":{"line":10,"column":8},"end":{"line":10,"column":61}},"9":{"start":{"line":12,"column":4},"end":{"line":12,"column":17}},"10":{"start":{"line":14,"column":0},"end":{"line":14,"column":30}},"11":{"start":{"line":15,"column":0},"end":{"line":15,"column":28}}},"fnMap":{"0":{"name":"isPromise","decl":{"start":{"line":5,"column":9},"end":{"line":5,"column":18}},"loc":{"start":{"line":5,"column":24},"end":{"line":13,"column":1}},"line":5}},"branchMap":{"0":{"loc":{"start":{"line":6,"column":4},"end":{"line":11,"column":5}},"type":"if","locations":[{"start":{"line":6,"column":4},"end":{"line":11,"column":5}},{"start":{"line":6,"column":4},"end":{"line":11,"column":5}}],"line":6},"1":{"loc":{"start":{"line":7,"column":8},"end":{"line":9,"column":9}},"type":"if","locations":[{"start":{"line":7,"column":8},"end":{"line":9,"column":9}},{"start":{"line":7,"column":8},"end":{"line":9,"column":9}}],"line":7},"2":{"loc":{"start":{"line":10,"column":15},"end":{"line":10,"column":60}},"type":"binary-expr","locations":[{"start":{"line":10,"column":15},"end":{"line":10,"column":35}},{"start":{"line":10,"column":39},"end":{"line":10,"column":60}}],"line":10}},"s":{"0":0,"1":0,"2":0,"3":0,"4":0,"5":0,"6":0,"7":0,"8":0,"9":0,"10":0,"11":0},"f":{"0":0},"b":{"0":[0,0],"1":[0,0],"2":[0,0]}}
,"E:\\Self\\ts-decorators\\src\\utils\\setPrototypeOf.ts": {"path":"E:\\Self\\ts-decorators\\src\\utils\\setPrototypeOf.ts","statementMap":{"0":{"start":{"line":1,"column":13},"end":{"line":1,"column":42}},"1":{"start":{"line":1,"column":42},"end":{"line":1,"column":55}},"2":{"start":{"line":2,"column":0},"end":{"line":2,"column":62}},"3":{"start":{"line":3,"column":19},"end":{"line":3,"column":55}},"4":{"start":{"line":4,"column":0},"end":{"line":14,"column":7}},"5":{"start":{"line":6,"column":8},"end":{"line":6,"column":31}},"6":{"start":{"line":9,"column":19},"end":{"line":9,"column":38}},"7":{"start":{"line":10,"column":8},"end":{"line":13,"column":9}},"8":{"start":{"line":11,"column":22},"end":{"line":11,"column":32}},"9":{"start":{"line":12,"column":12},"end":{"line":12,"column":35}},"10":{"start":{"line":15,"column":0},"end":{"line":15,"column":41}}},"fnMap":{"0":{"name":"setPrototypeOf","decl":{"start":{"line":5,"column":30},"end":{"line":5,"column":44}},"loc":{"start":{"line":5,"column":58},"end":{"line":7,"column":5}},"line":5},"1":{"name":"setPrototypeOf","decl":{"start":{"line":8,"column":14},"end":{"line":8,"column":28}},"loc":{"start":{"line":8,"column":42},"end":{"line":14,"column":5}},"line":8}},"branchMap":{"0":{"loc":{"start":{"line":4,"column":25},"end":{"line":14,"column":6}},"type":"binary-expr","locations":[{"start":{"line":4,"column":25},"end":{"line":4,"column":46}},{"start":{"line":5,"column":5},"end":{"line":5,"column":17}},{"start":{"line":5,"column":21},"end":{"line":7,"column":5}},{"start":{"line":8,"column":5},"end":{"line":14,"column":5}}],"line":4}},"s":{"0":6,"1":6,"2":6,"3":6,"4":6,"5":0,"6":0,"7":0,"8":0,"9":0,"10":6},"f":{"0":0,"1":0},"b":{"0":[6,0,0,0]},"_coverageSchema":"332fd63041d2c1bcb487cc26dd0d5f7d97098a6c","hash":"6b22ea15f76dc9fb8b0f2a8f12be8c7fee132a3e"}
,"E:\\Self\\ts-decorators\\src\\utils\\staticExtend.ts": {"path":"E:\\Self\\ts-decorators\\src\\utils\\staticExtend.ts","statementMap":{"0":{"start":{"line":1,"column":13},"end":{"line":1,"column":42}},"1":{"start":{"line":1,"column":42},"end":{"line":1,"column":55}},"2":{"start":{"line":8,"column":0},"end":{"line":8,"column":62}},"3":{"start":{"line":9,"column":23},"end":{"line":9,"column":50}},"4":{"start":{"line":10,"column":17},"end":{"line":10,"column":45}},"5":{"start":{"line":11,"column":15},"end":{"line":11,"column":41}},"6":{"start":{"line":25,"column":4},"end":{"line":27,"column":5}},"7":{"start":{"line":26,"column":8},"end":{"line":26,"column":107}},"8":{"start":{"line":28,"column":4},"end":{"line":28,"column":42}},"9":{"start":{"line":29,"column":4},"end":{"line":29,"column":15}},"10":{"start":{"line":31,"column":0},"end":{"line":31,"column":36}},"11":{"start":{"line":32,"column":0},"end":{"line":32,"column":31}}},"fnMap":{"0":{"name":"staticExtend","decl":{"start":{"line":24,"column":9},"end":{"line":24,"column":21}},"loc":{"start":{"line":24,"column":35},"end":{"line":30,"column":1}},"line":24}},"branchMap":{"0":{"loc":{"start":{"line":25,"column":4},"end":{"line":27,"column":5}},"type":"if","locations":[{"start":{"line":25,"column":4},"end":{"line":27,"column":5}},{"start":{"line":25,"column":4},"end":{"line":27,"column":5}}],"line":25},"1":{"loc":{"start":{"line":25,"column":8},"end":{"line":25,"column":59}},"type":"binary-expr","locations":[{"start":{"line":25,"column":8},"end":{"line":25,"column":19}},{"start":{"line":25,"column":24},"end":{"line":25,"column":40}},{"start":{"line":25,"column":44},"end":{"line":25,"column":58}}],"line":25}},"s":{"0":6,"1":6,"2":6,"3":6,"4":6,"5":6,"6":17,"7":0,"8":17,"9":17,"10":6,"11":6},"f":{"0":17},"b":{"0":[0,17],"1":[17,17,2]},"_coverageSchema":"332fd63041d2c1bcb487cc26dd0d5f7d97098a6c","hash":"5de4a7a32903b3457c9584b56855a98ac9c2f17f"}
}
