TN:
SF:E:\Self\ts-decorators\src\index.ts
FNF:0
FNH:0
DA:1,0
LF:1
LH:0
BRF:0
BRH:0
end_of_record
TN:
SF:E:\Self\ts-decorators\src\decorators\after.ts
FN:12,After
FN:14,aop_before_decorator
FN:16,aop_before_run
FNF:3
FNH:0
FNDA:0,After
FNDA:0,aop_before_decorator
FNDA:0,aop_before_run
DA:1,0
DA:2,0
DA:3,0
DA:4,0
DA:5,0
DA:6,0
DA:7,0
DA:8,0
DA:9,0
DA:10,0
DA:13,0
DA:14,0
DA:15,0
DA:16,0
DA:17,0
DA:18,0
DA:19,0
DA:20,0
DA:21,0
DA:23,0
DA:24,0
DA:25,0
DA:28,0
DA:31,0
DA:33,0
DA:34,0
DA:35,0
DA:36,0
DA:37,0
DA:39,0
DA:42,0
DA:46,0
DA:47,0
LF:33
LH:0
BRDA:13,0,0,0
BRDA:13,0,1,0
BRDA:18,1,0,0
BRDA:18,1,1,0
BRDA:20,2,0,0
BRDA:20,2,1,0
BRDA:23,3,0,0
BRDA:23,3,1,0
BRDA:24,4,0,0
BRDA:24,4,1,0
BRDA:34,5,0,0
BRDA:34,5,1,0
BRDA:35,6,0,0
BRDA:35,6,1,0
BRDA:36,7,0,0
BRDA:36,7,1,0
BRDA:36,8,0,0
BRDA:36,8,1,0
BRDA:36,8,2,0
BRF:19
BRH:0
end_of_record
TN:
SF:E:\Self\ts-decorators\src\decorators\afterAsync.ts
FN:9,AfterAsync
FN:11,aop_before_decorator
FN:13,aop_before_run
FN:16,(anonymous_3)
FNF:4
FNH:0
FNDA:0,AfterAsync
FNDA:0,aop_before_decorator
FNDA:0,aop_before_run
FNDA:0,(anonymous_3)
DA:1,0
DA:2,0
DA:3,0
DA:4,0
DA:5,0
DA:6,0
DA:7,0
DA:10,0
DA:11,0
DA:12,0
DA:13,0
DA:14,0
DA:15,0
DA:16,0
DA:17,0
DA:21,0
DA:22,0
DA:23,0
DA:25,0
DA:26,0
DA:27,0
DA:30,0
DA:33,0
DA:35,0
DA:39,0
DA:40,0
LF:26
LH:0
BRDA:10,0,0,0
BRDA:10,0,1,0
BRDA:15,1,0,0
BRDA:15,1,1,0
BRDA:22,2,0,0
BRDA:22,2,1,0
BRDA:25,3,0,0
BRDA:25,3,1,0
BRDA:26,4,0,0
BRDA:26,4,1,0
BRF:10
BRH:0
end_of_record
TN:
SF:E:\Self\ts-decorators\src\decorators\before.ts
FN:17,Before
FN:18,aop_before_decorator
FN:20,aop_before_run
FNF:3
FNH:3
FNDA:8,Before
FNDA:8,aop_before_decorator
FNDA:8,aop_before_run
DA:1,2
DA:2,2
DA:3,2
DA:4,2
DA:5,2
DA:6,2
DA:7,2
DA:8,2
DA:18,8
DA:19,8
DA:20,8
DA:21,8
DA:22,8
DA:23,3
DA:25,2
DA:26,2
DA:28,2
DA:30,1
DA:31,1
DA:34,5
DA:38,2
DA:39,2
LF:22
LH:22
BRDA:22,0,0,3
BRDA:22,0,1,5
BRDA:23,1,0,2
BRDA:23,1,1,1
BRDA:25,2,0,2
BRDA:25,2,1,0
BRDA:25,3,0,2
BRDA:25,3,1,2
BRDA:25,3,2,2
BRDA:30,4,0,1
BRDA:30,4,1,0
BRF:11
BRH:9
end_of_record
TN:
SF:E:\Self\ts-decorators\src\decorators\beforeAsync.ts
FN:2,(anonymous_0)
FN:3,(anonymous_1)
FN:4,fulfilled
FN:5,rejected
FN:6,step
FN:6,(anonymous_5)
FN:10,(anonymous_6)
FN:11,(anonymous_7)
FN:12,(anonymous_8)
FN:13,verb
FN:13,(anonymous_10)
FN:14,step
FN:43,BeforeAsync
FN:44,aop_before_decorator
FN:46,aop_before_async_run
FN:47,(anonymous_15)
FN:49,(anonymous_16)
FNF:17
FNH:15
FNDA:1,(anonymous_0)
FNDA:1,(anonymous_1)
FNDA:1,fulfilled
FNDA:0,rejected
FNDA:2,step
FNDA:1,(anonymous_5)
FNDA:1,(anonymous_6)
FNDA:1,(anonymous_7)
FNDA:0,(anonymous_8)
FNDA:3,verb
FNDA:2,(anonymous_10)
FNDA:2,step
FNDA:1,BeforeAsync
FNDA:1,aop_before_decorator
FNDA:1,aop_before_async_run
FNDA:1,(anonymous_15)
FNDA:2,(anonymous_16)
DA:1,1
DA:2,1
DA:3,1
DA:4,1
DA:5,0
DA:6,2
DA:7,1
DA:10,1
DA:11,1
DA:12,1
DA:13,3
DA:15,2
DA:16,4
DA:17,4
DA:18,4
DA:19,4
DA:20,2
DA:21,1
DA:22,0
DA:23,0
DA:25,1
DA:26,0
DA:27,0
DA:28,0
DA:29,0
DA:30,0
DA:32,2
DA:33,4
DA:34,1
DA:37,1
DA:38,1
DA:39,1
DA:40,1
DA:41,1
DA:44,1
DA:45,1
DA:46,1
DA:47,1
DA:49,1
DA:50,2
DA:51,1
DA:53,1
DA:54,1
DA:55,1
DA:56,1
DA:57,1
DA:59,1
DA:61,0
DA:62,0
DA:65,0
DA:72,1
DA:73,1
LF:52
LH:41
BRDA:2,0,0,1
BRDA:2,0,1,1
BRDA:2,0,2,1
BRDA:3,1,0,1
BRDA:3,1,1,1
BRDA:6,2,0,1
BRDA:6,2,1,1
BRDA:7,3,0,1
BRDA:7,3,1,1
BRDA:10,4,0,1
BRDA:10,4,1,1
BRDA:10,4,2,1
BRDA:11,5,0,0
BRDA:11,5,1,1
BRDA:12,6,0,1
BRDA:12,6,1,1
BRDA:15,7,0,0
BRDA:15,7,1,2
BRDA:17,8,0,0
BRDA:17,8,1,4
BRDA:17,9,0,4
BRDA:17,9,1,0
BRDA:17,9,2,0
BRDA:17,10,0,0
BRDA:17,10,1,0
BRDA:17,11,0,0
BRDA:17,11,1,0
BRDA:18,12,0,0
BRDA:18,12,1,4
BRDA:19,13,0,2
BRDA:19,13,1,2
BRDA:19,13,2,1
BRDA:19,13,3,0
BRDA:19,13,4,0
BRDA:19,13,5,1
BRDA:25,14,0,1
BRDA:25,14,1,0
BRDA:25,15,0,1
BRDA:25,15,1,1
BRDA:25,15,2,1
BRDA:25,16,0,1
BRDA:25,16,1,0
BRDA:26,17,0,0
BRDA:26,17,1,0
BRDA:26,18,0,0
BRDA:26,18,1,0
BRDA:26,18,2,0
BRDA:26,18,3,0
BRDA:27,19,0,0
BRDA:27,19,1,0
BRDA:27,20,0,0
BRDA:27,20,1,0
BRDA:28,21,0,0
BRDA:28,21,1,0
BRDA:28,22,0,0
BRDA:28,22,1,0
BRDA:29,23,0,0
BRDA:29,23,1,0
BRDA:34,24,0,0
BRDA:34,24,1,1
BRDA:34,25,0,1
BRDA:34,25,1,0
BRDA:50,26,0,1
BRDA:50,26,1,1
BRDA:54,27,0,1
BRDA:54,27,1,0
BRDA:55,28,0,1
BRDA:55,28,1,0
BRDA:56,29,0,1
BRDA:56,29,1,0
BRDA:61,30,0,0
BRDA:61,30,1,0
BRF:72
BRH:35
end_of_record
TN:
SF:E:\Self\ts-decorators\src\decorators\bindComponentThis.ts
FN:22,bindComponentThis
FNF:1
FNH:0
FNDA:0,bindComponentThis
DA:1,0
DA:2,0
DA:3,0
DA:4,0
DA:23,0
DA:27,0
LF:6
LH:0
BRDA:24,0,0,0
BRDA:24,0,1,0
BRDA:24,1,0,0
BRDA:24,1,1,0
BRF:4
BRH:0
end_of_record
TN:
SF:E:\Self\ts-decorators\src\decorators\bindThis.ts
FN:6,BindThis
FN:9,bind_this_decorate
FN:29,(anonymous_2)
FN:30,(anonymous_3)
FN:33,bind_this
FN:46,getObjectAllFunctionNames
FN:49,(anonymous_6)
FNF:7
FNH:6
FNDA:5,BindThis
FNDA:5,bind_this_decorate
FNDA:4,(anonymous_2)
FNDA:30,(anonymous_3)
FNDA:0,bind_this
FNDA:13,getObjectAllFunctionNames
FNDA:83,(anonymous_6)
DA:1,1
DA:2,1
DA:3,1
DA:4,1
DA:5,1
DA:7,5
DA:9,5
DA:10,5
DA:11,5
DA:12,5
DA:13,13
DA:14,13
DA:15,78
DA:17,78
DA:18,74
DA:19,29
DA:21,45
DA:22,1
DA:24,44
DA:27,13
DA:29,5
DA:30,4
DA:32,30
DA:33,30
DA:34,0
DA:37,4
DA:38,30
DA:39,30
DA:44,1
DA:45,1
DA:47,13
DA:48,13
DA:49,83
LF:33
LH:32
BRDA:7,0,0,3
BRDA:7,0,1,2
BRDA:17,1,0,74
BRDA:17,1,1,4
BRDA:18,2,0,29
BRDA:18,2,1,45
BRDA:18,3,0,74
BRDA:18,3,1,32
BRDA:21,4,0,1
BRDA:21,4,1,44
BRDA:21,5,0,45
BRDA:21,5,1,2
BRDA:27,6,0,13
BRDA:27,6,1,0
BRDA:33,7,0,30
BRDA:33,7,1,0
BRDA:48,8,0,13
BRDA:48,8,1,0
BRF:18
BRH:15
end_of_record
TN:
SF:E:\Self\ts-decorators\src\decorators\whenError.ts
FN:10,WhenError
FN:11,aop_when_error_decorator
FN:13,aop_before_run
FNF:3
FNH:3
FNDA:3,WhenError
FNDA:3,aop_when_error_decorator
FNDA:3,aop_before_run
DA:1,1
DA:2,1
DA:3,1
DA:4,1
DA:5,1
DA:6,1
DA:7,1
DA:8,1
DA:11,3
DA:12,3
DA:13,3
DA:14,3
DA:15,3
DA:18,2
DA:19,2
DA:20,1
DA:21,1
DA:23,1
DA:29,1
DA:30,1
LF:20
LH:20
BRDA:19,0,0,1
BRDA:19,0,1,1
BRDA:19,1,0,2
BRDA:19,1,1,1
BRDA:20,2,0,1
BRDA:20,2,1,0
BRDA:20,3,0,1
BRDA:20,3,1,1
BRDA:20,3,2,1
BRF:9
BRH:8
end_of_record
TN:
SF:E:\Self\ts-decorators\src\decorators\utils\aopResult.ts
FN:4,isAopReturnNewResult
FN:8,isAopReturnNewArgs
FNF:2
FNH:1
FNDA:5,isAopReturnNewResult
FNDA:0,isAopReturnNewArgs
DA:1,4
DA:2,4
DA:3,4
DA:5,5
DA:7,4
DA:9,0
DA:11,4
LF:7
LH:6
BRF:0
BRH:0
end_of_record
TN:
SF:E:\Self\ts-decorators\src\utils\aopGenerator.ts
FN:8,aopGenerator
FN:15,F
FNF:2
FNH:2
FNDA:14,aopGenerator
FNDA:13,F
DA:1,5
DA:2,5
DA:3,5
DA:4,5
DA:5,5
DA:6,5
DA:9,14
DA:10,14
DA:11,0
DA:14,14
DA:15,14
DA:16,13
DA:17,13
DA:18,0
DA:20,13
DA:22,14
DA:23,14
DA:24,14
DA:26,0
DA:27,0
DA:29,5
DA:30,5
LF:22
LH:18
BRDA:10,0,0,0
BRDA:10,0,1,14
BRDA:14,1,0,14
BRDA:14,1,1,0
BRDA:23,2,0,14
BRDA:23,2,1,0
BRF:6
BRH:3
end_of_record
TN:
SF:E:\Self\ts-decorators\src\utils\createFunctionWithName.ts
FN:11,createFunctionWithName
FNF:1
FNH:1
FNDA:15,createFunctionWithName
DA:1,6
DA:2,6
DA:19,15
DA:21,6
DA:22,6
LF:5
LH:5
BRF:0
BRH:0
end_of_record
TN:
SF:E:\Self\ts-decorators\src\utils\decorateTarget.ts
FN:5,(anonymous_0)
FN:11,decorateTarget
FNF:2
FNH:2
FNDA:6,(anonymous_0)
FNDA:30,decorateTarget
DA:1,6
DA:2,6
DA:3,6
DA:5,6
DA:6,6
DA:7,6
DA:8,6
DA:12,30
DA:13,2
DA:15,28
DA:16,27
DA:18,1
DA:20,6
DA:21,6
LF:14
LH:14
BRDA:9,0,0,6
BRDA:9,0,1,6
BRDA:12,1,0,2
BRDA:12,1,1,28
BRDA:12,2,0,30
BRDA:12,2,1,4
BRDA:15,3,0,27
BRDA:15,3,1,1
BRF:8
BRH:8
end_of_record
TN:
SF:E:\Self\ts-decorators\src\utils\isPromise.ts
FN:5,isPromise
FNF:1
FNH:0
FNDA:0,isPromise
DA:1,0
DA:2,0
DA:3,0
DA:4,0
DA:6,0
DA:7,0
DA:8,0
DA:10,0
DA:12,0
DA:14,0
DA:15,0
LF:11
LH:0
BRDA:6,0,0,0
BRDA:6,0,1,0
BRDA:7,1,0,0
BRDA:7,1,1,0
BRDA:10,2,0,0
BRDA:10,2,1,0
BRF:6
BRH:0
end_of_record
TN:
SF:E:\Self\ts-decorators\src\utils\setPrototypeOf.ts
FN:5,setPrototypeOf
FN:8,setPrototypeOf
FNF:2
FNH:0
FNDA:0,setPrototypeOf
FNDA:0,setPrototypeOf
DA:1,6
DA:2,6
DA:3,6
DA:4,6
DA:6,0
DA:9,0
DA:10,0
DA:11,0
DA:12,0
DA:15,6
LF:10
LH:5
BRDA:4,0,0,6
BRDA:4,0,1,0
BRDA:4,0,2,0
BRDA:4,0,3,0
BRF:4
BRH:1
end_of_record
TN:
SF:E:\Self\ts-decorators\src\utils\staticExtend.ts
FN:24,staticExtend
FNF:1
FNH:1
FNDA:17,staticExtend
DA:1,6
DA:8,6
DA:9,6
DA:10,6
DA:11,6
DA:25,17
DA:26,0
DA:28,17
DA:29,17
DA:31,6
DA:32,6
LF:11
LH:10
BRDA:25,0,0,0
BRDA:25,0,1,17
BRDA:25,1,0,17
BRDA:25,1,1,17
BRDA:25,1,2,2
BRF:5
BRH:4
end_of_record
